2021-03-05 08:11:22,178 INFO org.springframework.boot.devtools.env.DevToolsPropertyDefaultsPostProcessor [restartedMain] Devtools property defaults active! Set 'spring.devtools.add-properties' to 'false' to disable
2021-03-05 08:11:22,182 INFO org.springframework.boot.devtools.env.DevToolsPropertyDefaultsPostProcessor [restartedMain] For additional web related logging consider setting the 'logging.level.web' property to 'DEBUG'
2021-03-05 08:11:22,635 INFO org.springframework.data.repository.config.RepositoryConfigurationDelegate [restartedMain] Bootstrapping Spring Data MongoDB repositories in DEFAULT mode.
2021-03-05 08:11:22,644 INFO org.springframework.data.repository.config.RepositoryConfigurationDelegate [restartedMain] Finished Spring Data repository scanning in 6 ms. Found 0 MongoDB repository interfaces.
2021-03-05 08:11:22,911 INFO org.springframework.boot.web.embedded.tomcat.TomcatWebServer [restartedMain] Tomcat initialized with port(s): 8080 (http)
2021-03-05 08:11:22,944 INFO org.springframework.boot.web.servlet.context.ServletWebServerApplicationContext [restartedMain] Root WebApplicationContext: initialization completed in 761 ms
2021-03-05 08:11:23,104 INFO org.springframework.boot.devtools.autoconfigure.OptionalLiveReloadServer [restartedMain] LiveReload server is running on port 35729
2021-03-05 08:11:23,490 INFO org.springframework.boot.web.embedded.tomcat.TomcatWebServer [restartedMain] Tomcat started on port(s): 8080 (http) with context path '/admin'
2021-03-05 08:11:28,666 INFO org.springframework.web.servlet.DispatcherServlet [http-nio-8080-exec-1] Initializing Servlet 'dispatcherServlet'
2021-03-05 08:11:28,668 INFO org.springframework.web.servlet.DispatcherServlet [http-nio-8080-exec-1] Completed initialization in 1 ms
2021-03-05 08:11:28,963 WARN org.springframework.web.servlet.PageNotFound [http-nio-8080-exec-7] No mapping for GET /admin/
2021-03-05 08:11:28,986 WARN org.springframework.web.servlet.PageNotFound [http-nio-8080-exec-9] No mapping for GET /admin/csrf
2021-03-05 08:11:40,326 WARN org.springframework.web.servlet.PageNotFound [http-nio-8080-exec-5] No mapping for GET /admin/
2021-03-05 08:11:40,335 WARN org.springframework.web.servlet.PageNotFound [http-nio-8080-exec-7] No mapping for GET /admin/csrf
2021-03-05 08:13:01,696 INFO org.springframework.data.repository.config.RepositoryConfigurationDelegate [restartedMain] Bootstrapping Spring Data MongoDB repositories in DEFAULT mode.
2021-03-05 08:13:01,702 INFO org.springframework.data.repository.config.RepositoryConfigurationDelegate [restartedMain] Finished Spring Data repository scanning in 5 ms. Found 0 MongoDB repository interfaces.
2021-03-05 08:13:01,763 INFO org.springframework.boot.web.embedded.tomcat.TomcatWebServer [restartedMain] Tomcat initialized with port(s): 8080 (http)
2021-03-05 08:13:01,770 INFO org.springframework.boot.web.servlet.context.ServletWebServerApplicationContext [restartedMain] Root WebApplicationContext: initialization completed in 275 ms
2021-03-05 08:13:01,801 INFO org.springframework.boot.devtools.autoconfigure.OptionalLiveReloadServer [restartedMain] LiveReload server is running on port 35729
2021-03-05 08:13:01,968 INFO org.springframework.boot.web.embedded.tomcat.TomcatWebServer [restartedMain] Tomcat started on port(s): 8080 (http) with context path '/admin'
2021-03-05 08:13:02,036 INFO org.springframework.boot.devtools.autoconfigure.ConditionEvaluationDeltaLoggingListener [restartedMain] Condition evaluation unchanged
2021-03-05 08:13:19,713 INFO org.springframework.data.repository.config.RepositoryConfigurationDelegate [restartedMain] Bootstrapping Spring Data MongoDB repositories in DEFAULT mode.
2021-03-05 08:13:19,717 INFO org.springframework.data.repository.config.RepositoryConfigurationDelegate [restartedMain] Finished Spring Data repository scanning in 3 ms. Found 0 MongoDB repository interfaces.
2021-03-05 08:13:19,781 INFO org.springframework.boot.web.embedded.tomcat.TomcatWebServer [restartedMain] Tomcat initialized with port(s): 8080 (http)
2021-03-05 08:13:19,788 INFO org.springframework.boot.web.servlet.context.ServletWebServerApplicationContext [restartedMain] Root WebApplicationContext: initialization completed in 222 ms
2021-03-05 08:13:19,814 INFO org.springframework.boot.devtools.autoconfigure.OptionalLiveReloadServer [restartedMain] LiveReload server is running on port 35729
2021-03-05 08:13:19,932 INFO org.springframework.boot.web.embedded.tomcat.TomcatWebServer [restartedMain] Tomcat started on port(s): 8080 (http) with context path '/admin'
2021-03-05 08:13:19,978 INFO org.springframework.boot.devtools.autoconfigure.ConditionEvaluationDeltaLoggingListener [restartedMain] Condition evaluation unchanged
2021-03-05 08:14:01,763 INFO org.springframework.data.repository.config.RepositoryConfigurationDelegate [restartedMain] Bootstrapping Spring Data MongoDB repositories in DEFAULT mode.
2021-03-05 08:14:01,768 INFO org.springframework.data.repository.config.RepositoryConfigurationDelegate [restartedMain] Finished Spring Data repository scanning in 4 ms. Found 0 MongoDB repository interfaces.
2021-03-05 08:14:01,817 INFO org.springframework.boot.web.embedded.tomcat.TomcatWebServer [restartedMain] Tomcat initialized with port(s): 8080 (http)
2021-03-05 08:14:01,824 INFO org.springframework.boot.web.servlet.context.ServletWebServerApplicationContext [restartedMain] Root WebApplicationContext: initialization completed in 213 ms
2021-03-05 08:14:01,860 INFO org.springframework.boot.devtools.autoconfigure.OptionalLiveReloadServer [restartedMain] LiveReload server is running on port 35729
2021-03-05 08:14:02,025 INFO org.springframework.boot.web.embedded.tomcat.TomcatWebServer [restartedMain] Tomcat started on port(s): 8080 (http) with context path '/admin'
2021-03-05 08:14:02,081 INFO org.springframework.boot.devtools.autoconfigure.ConditionEvaluationDeltaLoggingListener [restartedMain] Condition evaluation unchanged
2021-03-05 08:14:38,839 INFO org.springframework.data.repository.config.RepositoryConfigurationDelegate [restartedMain] Bootstrapping Spring Data MongoDB repositories in DEFAULT mode.
2021-03-05 08:14:38,843 INFO org.springframework.data.repository.config.RepositoryConfigurationDelegate [restartedMain] Finished Spring Data repository scanning in 3 ms. Found 0 MongoDB repository interfaces.
2021-03-05 08:14:38,893 INFO org.springframework.boot.web.embedded.tomcat.TomcatWebServer [restartedMain] Tomcat initialized with port(s): 8080 (http)
2021-03-05 08:14:38,899 INFO org.springframework.boot.web.servlet.context.ServletWebServerApplicationContext [restartedMain] Root WebApplicationContext: initialization completed in 192 ms
2021-03-05 08:14:38,940 INFO org.springframework.boot.devtools.autoconfigure.OptionalLiveReloadServer [restartedMain] LiveReload server is running on port 35729
2021-03-05 08:14:38,970 WARN org.springframework.boot.web.servlet.context.AnnotationConfigServletWebServerApplicationContext [restartedMain] Exception encountered during context initialization - cancelling refresh attempt: org.springframework.beans.factory.BeanCreationException: Error creating bean with name 'roleController' defined in file [/home/abdulrafeek/AB InProject/v4/ABC/target/classes/com/abinbev/admin/controller/RoleController.class]: Instantiation of bean failed; nested exception is org.springframework.beans.BeanInstantiationException: Failed to instantiate [com.abinbev.admin.controller.RoleController]: Constructor threw exception; nested exception is java.lang.Error: Unresolved compilation problems: 
	Syntax error on token ";", import expected after this token
	LoggerFactory cannot be resolved
	Type mismatch: cannot convert from RoleResponseDto to BasicResponse<RoleResponseDto>
	Type mismatch: cannot convert from ResponseEntity<RoleResponseDto> to ResponseEntity<BasicResponse<RoleResponseDto>>
	Type mismatch: cannot convert from Page<RoleResponseDto> to BasicResponse<Page<RoleResponseDto>>
	Type mismatch: cannot convert from RoleResponseDto to BasicResponse<RoleResponseDto>

2021-03-05 08:14:38,976 INFO org.springframework.boot.autoconfigure.logging.ConditionEvaluationReportLoggingListener [restartedMain] 

Error starting ApplicationContext. To display the conditions report re-run your application with 'debug' enabled.
2021-03-05 08:14:38,990 ERROR org.springframework.boot.SpringApplication [restartedMain] Application run failed
org.springframework.beans.factory.BeanCreationException: Error creating bean with name 'roleController' defined in file [/home/abdulrafeek/AB InProject/v4/ABC/target/classes/com/abinbev/admin/controller/RoleController.class]: Instantiation of bean failed; nested exception is org.springframework.beans.BeanInstantiationException: Failed to instantiate [com.abinbev.admin.controller.RoleController]: Constructor threw exception; nested exception is java.lang.Error: Unresolved compilation problems: 
	Syntax error on token ";", import expected after this token
	LoggerFactory cannot be resolved
	Type mismatch: cannot convert from RoleResponseDto to BasicResponse<RoleResponseDto>
	Type mismatch: cannot convert from ResponseEntity<RoleResponseDto> to ResponseEntity<BasicResponse<RoleResponseDto>>
	Type mismatch: cannot convert from Page<RoleResponseDto> to BasicResponse<Page<RoleResponseDto>>
	Type mismatch: cannot convert from RoleResponseDto to BasicResponse<RoleResponseDto>

	at org.springframework.beans.factory.support.AbstractAutowireCapableBeanFactory.instantiateBean(AbstractAutowireCapableBeanFactory.java:1318)
	at org.springframework.beans.factory.support.AbstractAutowireCapableBeanFactory.createBeanInstance(AbstractAutowireCapableBeanFactory.java:1216)
	at org.springframework.beans.factory.support.AbstractAutowireCapableBeanFactory.doCreateBean(AbstractAutowireCapableBeanFactory.java:571)
	at org.springframework.beans.factory.support.AbstractAutowireCapableBeanFactory.createBean(AbstractAutowireCapableBeanFactory.java:531)
	at org.springframework.beans.factory.support.AbstractBeanFactory.lambda$doGetBean$0(AbstractBeanFactory.java:335)
	at org.springframework.beans.factory.support.DefaultSingletonBeanRegistry.getSingleton(DefaultSingletonBeanRegistry.java:234)
	at org.springframework.beans.factory.support.AbstractBeanFactory.doGetBean(AbstractBeanFactory.java:333)
	at org.springframework.beans.factory.support.AbstractBeanFactory.getBean(AbstractBeanFactory.java:208)
	at org.springframework.beans.factory.support.DefaultListableBeanFactory.preInstantiateSingletons(DefaultListableBeanFactory.java:944)
	at org.springframework.context.support.AbstractApplicationContext.finishBeanFactoryInitialization(AbstractApplicationContext.java:923)
	at org.springframework.context.support.AbstractApplicationContext.refresh(AbstractApplicationContext.java:588)
	at org.springframework.boot.web.servlet.context.ServletWebServerApplicationContext.refresh(ServletWebServerApplicationContext.java:144)
	at org.springframework.boot.SpringApplication.refresh(SpringApplication.java:767)
	at org.springframework.boot.SpringApplication.refresh(SpringApplication.java:759)
	at org.springframework.boot.SpringApplication.refreshContext(SpringApplication.java:426)
	at org.springframework.boot.SpringApplication.run(SpringApplication.java:326)
	at org.springframework.boot.SpringApplication.run(SpringApplication.java:1311)
	at org.springframework.boot.SpringApplication.run(SpringApplication.java:1300)
	at com.abinbev.admin.AdminApplication.main(AdminApplication.java:12)
	at java.base/jdk.internal.reflect.NativeMethodAccessorImpl.invoke0(Native Method)
	at java.base/jdk.internal.reflect.NativeMethodAccessorImpl.invoke(NativeMethodAccessorImpl.java:62)
	at java.base/jdk.internal.reflect.DelegatingMethodAccessorImpl.invoke(DelegatingMethodAccessorImpl.java:43)
	at java.base/java.lang.reflect.Method.invoke(Method.java:566)
	at org.springframework.boot.devtools.restart.RestartLauncher.run(RestartLauncher.java:49)
Caused by: org.springframework.beans.BeanInstantiationException: Failed to instantiate [com.abinbev.admin.controller.RoleController]: Constructor threw exception; nested exception is java.lang.Error: Unresolved compilation problems: 
	Syntax error on token ";", import expected after this token
	LoggerFactory cannot be resolved
	Type mismatch: cannot convert from RoleResponseDto to BasicResponse<RoleResponseDto>
	Type mismatch: cannot convert from ResponseEntity<RoleResponseDto> to ResponseEntity<BasicResponse<RoleResponseDto>>
	Type mismatch: cannot convert from Page<RoleResponseDto> to BasicResponse<Page<RoleResponseDto>>
	Type mismatch: cannot convert from RoleResponseDto to BasicResponse<RoleResponseDto>

	at org.springframework.beans.BeanUtils.instantiateClass(BeanUtils.java:225)
	at org.springframework.beans.factory.support.SimpleInstantiationStrategy.instantiate(SimpleInstantiationStrategy.java:87)
	at org.springframework.beans.factory.support.AbstractAutowireCapableBeanFactory.instantiateBean(AbstractAutowireCapableBeanFactory.java:1310)
	... 23 common frames omitted
Caused by: java.lang.Error: Unresolved compilation problems: 
	Syntax error on token ";", import expected after this token
	LoggerFactory cannot be resolved
	Type mismatch: cannot convert from RoleResponseDto to BasicResponse<RoleResponseDto>
	Type mismatch: cannot convert from ResponseEntity<RoleResponseDto> to ResponseEntity<BasicResponse<RoleResponseDto>>
	Type mismatch: cannot convert from Page<RoleResponseDto> to BasicResponse<Page<RoleResponseDto>>
	Type mismatch: cannot convert from RoleResponseDto to BasicResponse<RoleResponseDto>

	at com.abinbev.admin.controller.RoleController.<init>(RoleController.java:4)
	at java.base/jdk.internal.reflect.NativeConstructorAccessorImpl.newInstance0(Native Method)
	at java.base/jdk.internal.reflect.NativeConstructorAccessorImpl.newInstance(NativeConstructorAccessorImpl.java:62)
	at java.base/jdk.internal.reflect.DelegatingConstructorAccessorImpl.newInstance(DelegatingConstructorAccessorImpl.java:45)
	at java.base/java.lang.reflect.Constructor.newInstance(Constructor.java:490)
	at org.springframework.beans.BeanUtils.instantiateClass(BeanUtils.java:212)
	... 25 common frames omitted
2021-03-05 08:15:00,654 INFO org.springframework.data.repository.config.RepositoryConfigurationDelegate [restartedMain] Bootstrapping Spring Data MongoDB repositories in DEFAULT mode.
2021-03-05 08:15:00,658 INFO org.springframework.data.repository.config.RepositoryConfigurationDelegate [restartedMain] Finished Spring Data repository scanning in 3 ms. Found 0 MongoDB repository interfaces.
2021-03-05 08:15:00,697 INFO org.springframework.boot.web.embedded.tomcat.TomcatWebServer [restartedMain] Tomcat initialized with port(s): 8080 (http)
2021-03-05 08:15:00,704 INFO org.springframework.boot.web.servlet.context.ServletWebServerApplicationContext [restartedMain] Root WebApplicationContext: initialization completed in 181 ms
2021-03-05 08:15:00,727 INFO org.springframework.boot.devtools.autoconfigure.OptionalLiveReloadServer [restartedMain] LiveReload server is running on port 35729
2021-03-05 08:15:00,748 WARN org.springframework.boot.web.servlet.context.AnnotationConfigServletWebServerApplicationContext [restartedMain] Exception encountered during context initialization - cancelling refresh attempt: org.springframework.beans.factory.BeanCreationException: Error creating bean with name 'roleController' defined in file [/home/abdulrafeek/AB InProject/v4/ABC/target/classes/com/abinbev/admin/controller/RoleController.class]: Instantiation of bean failed; nested exception is org.springframework.beans.BeanInstantiationException: Failed to instantiate [com.abinbev.admin.controller.RoleController]: Constructor threw exception; nested exception is java.lang.Error: Unresolved compilation problems: 
	Syntax error on token ";", import expected after this token
	LoggerFactory cannot be resolved
	Type mismatch: cannot convert from RoleResponseDto to BasicResponse<RoleResponseDto>
	Type mismatch: cannot convert from ResponseEntity<RoleResponseDto> to ResponseEntity<BasicResponse<RoleResponseDto>>
	Type mismatch: cannot convert from Page<RoleResponseDto> to BasicResponse<Page<RoleResponseDto>>
	Type mismatch: cannot convert from RoleResponseDto to BasicResponse<RoleResponseDto>

2021-03-05 08:15:00,751 INFO org.springframework.boot.autoconfigure.logging.ConditionEvaluationReportLoggingListener [restartedMain] 

Error starting ApplicationContext. To display the conditions report re-run your application with 'debug' enabled.
2021-03-05 08:15:00,753 ERROR org.springframework.boot.SpringApplication [restartedMain] Application run failed
org.springframework.beans.factory.BeanCreationException: Error creating bean with name 'roleController' defined in file [/home/abdulrafeek/AB InProject/v4/ABC/target/classes/com/abinbev/admin/controller/RoleController.class]: Instantiation of bean failed; nested exception is org.springframework.beans.BeanInstantiationException: Failed to instantiate [com.abinbev.admin.controller.RoleController]: Constructor threw exception; nested exception is java.lang.Error: Unresolved compilation problems: 
	Syntax error on token ";", import expected after this token
	LoggerFactory cannot be resolved
	Type mismatch: cannot convert from RoleResponseDto to BasicResponse<RoleResponseDto>
	Type mismatch: cannot convert from ResponseEntity<RoleResponseDto> to ResponseEntity<BasicResponse<RoleResponseDto>>
	Type mismatch: cannot convert from Page<RoleResponseDto> to BasicResponse<Page<RoleResponseDto>>
	Type mismatch: cannot convert from RoleResponseDto to BasicResponse<RoleResponseDto>

	at org.springframework.beans.factory.support.AbstractAutowireCapableBeanFactory.instantiateBean(AbstractAutowireCapableBeanFactory.java:1318)
	at org.springframework.beans.factory.support.AbstractAutowireCapableBeanFactory.createBeanInstance(AbstractAutowireCapableBeanFactory.java:1216)
	at org.springframework.beans.factory.support.AbstractAutowireCapableBeanFactory.doCreateBean(AbstractAutowireCapableBeanFactory.java:571)
	at org.springframework.beans.factory.support.AbstractAutowireCapableBeanFactory.createBean(AbstractAutowireCapableBeanFactory.java:531)
	at org.springframework.beans.factory.support.AbstractBeanFactory.lambda$doGetBean$0(AbstractBeanFactory.java:335)
	at org.springframework.beans.factory.support.DefaultSingletonBeanRegistry.getSingleton(DefaultSingletonBeanRegistry.java:234)
	at org.springframework.beans.factory.support.AbstractBeanFactory.doGetBean(AbstractBeanFactory.java:333)
	at org.springframework.beans.factory.support.AbstractBeanFactory.getBean(AbstractBeanFactory.java:208)
	at org.springframework.beans.factory.support.DefaultListableBeanFactory.preInstantiateSingletons(DefaultListableBeanFactory.java:944)
	at org.springframework.context.support.AbstractApplicationContext.finishBeanFactoryInitialization(AbstractApplicationContext.java:923)
	at org.springframework.context.support.AbstractApplicationContext.refresh(AbstractApplicationContext.java:588)
	at org.springframework.boot.web.servlet.context.ServletWebServerApplicationContext.refresh(ServletWebServerApplicationContext.java:144)
	at org.springframework.boot.SpringApplication.refresh(SpringApplication.java:767)
	at org.springframework.boot.SpringApplication.refresh(SpringApplication.java:759)
	at org.springframework.boot.SpringApplication.refreshContext(SpringApplication.java:426)
	at org.springframework.boot.SpringApplication.run(SpringApplication.java:326)
	at org.springframework.boot.SpringApplication.run(SpringApplication.java:1311)
	at org.springframework.boot.SpringApplication.run(SpringApplication.java:1300)
	at com.abinbev.admin.AdminApplication.main(AdminApplication.java:12)
	at java.base/jdk.internal.reflect.NativeMethodAccessorImpl.invoke0(Native Method)
	at java.base/jdk.internal.reflect.NativeMethodAccessorImpl.invoke(NativeMethodAccessorImpl.java:62)
	at java.base/jdk.internal.reflect.DelegatingMethodAccessorImpl.invoke(DelegatingMethodAccessorImpl.java:43)
	at java.base/java.lang.reflect.Method.invoke(Method.java:566)
	at org.springframework.boot.devtools.restart.RestartLauncher.run(RestartLauncher.java:49)
Caused by: org.springframework.beans.BeanInstantiationException: Failed to instantiate [com.abinbev.admin.controller.RoleController]: Constructor threw exception; nested exception is java.lang.Error: Unresolved compilation problems: 
	Syntax error on token ";", import expected after this token
	LoggerFactory cannot be resolved
	Type mismatch: cannot convert from RoleResponseDto to BasicResponse<RoleResponseDto>
	Type mismatch: cannot convert from ResponseEntity<RoleResponseDto> to ResponseEntity<BasicResponse<RoleResponseDto>>
	Type mismatch: cannot convert from Page<RoleResponseDto> to BasicResponse<Page<RoleResponseDto>>
	Type mismatch: cannot convert from RoleResponseDto to BasicResponse<RoleResponseDto>

	at org.springframework.beans.BeanUtils.instantiateClass(BeanUtils.java:225)
	at org.springframework.beans.factory.support.SimpleInstantiationStrategy.instantiate(SimpleInstantiationStrategy.java:87)
	at org.springframework.beans.factory.support.AbstractAutowireCapableBeanFactory.instantiateBean(AbstractAutowireCapableBeanFactory.java:1310)
	... 23 common frames omitted
Caused by: java.lang.Error: Unresolved compilation problems: 
	Syntax error on token ";", import expected after this token
	LoggerFactory cannot be resolved
	Type mismatch: cannot convert from RoleResponseDto to BasicResponse<RoleResponseDto>
	Type mismatch: cannot convert from ResponseEntity<RoleResponseDto> to ResponseEntity<BasicResponse<RoleResponseDto>>
	Type mismatch: cannot convert from Page<RoleResponseDto> to BasicResponse<Page<RoleResponseDto>>
	Type mismatch: cannot convert from RoleResponseDto to BasicResponse<RoleResponseDto>

	at com.abinbev.admin.controller.RoleController.<init>(RoleController.java:4)
	at java.base/jdk.internal.reflect.NativeConstructorAccessorImpl.newInstance0(Native Method)
	at java.base/jdk.internal.reflect.NativeConstructorAccessorImpl.newInstance(NativeConstructorAccessorImpl.java:62)
	at java.base/jdk.internal.reflect.DelegatingConstructorAccessorImpl.newInstance(DelegatingConstructorAccessorImpl.java:45)
	at java.base/java.lang.reflect.Constructor.newInstance(Constructor.java:490)
	at org.springframework.beans.BeanUtils.instantiateClass(BeanUtils.java:212)
	... 25 common frames omitted
2021-03-05 08:22:02,404 INFO org.springframework.data.repository.config.RepositoryConfigurationDelegate [restartedMain] Bootstrapping Spring Data MongoDB repositories in DEFAULT mode.
2021-03-05 08:22:02,408 INFO org.springframework.data.repository.config.RepositoryConfigurationDelegate [restartedMain] Finished Spring Data repository scanning in 3 ms. Found 0 MongoDB repository interfaces.
2021-03-05 08:22:02,445 INFO org.springframework.boot.web.embedded.tomcat.TomcatWebServer [restartedMain] Tomcat initialized with port(s): 8080 (http)
2021-03-05 08:22:02,449 INFO org.springframework.boot.web.servlet.context.ServletWebServerApplicationContext [restartedMain] Root WebApplicationContext: initialization completed in 174 ms
2021-03-05 08:22:02,471 INFO org.springframework.boot.devtools.autoconfigure.OptionalLiveReloadServer [restartedMain] LiveReload server is running on port 35729
2021-03-05 08:22:02,492 WARN org.springframework.boot.web.servlet.context.AnnotationConfigServletWebServerApplicationContext [restartedMain] Exception encountered during context initialization - cancelling refresh attempt: org.springframework.beans.factory.BeanCreationException: Error creating bean with name 'roleController' defined in file [/home/abdulrafeek/AB InProject/v4/ABC/target/classes/com/abinbev/admin/controller/RoleController.class]: Instantiation of bean failed; nested exception is org.springframework.beans.BeanInstantiationException: Failed to instantiate [com.abinbev.admin.controller.RoleController]: Constructor threw exception; nested exception is java.lang.Error: Unresolved compilation problems: 
	Syntax error on token ";", import expected after this token
	LoggerFactory cannot be resolved
	Type mismatch: cannot convert from BasicResponse<RoleResponseDto> to RoleResponseDto
	Type mismatch: cannot convert from ResponseEntity<RoleResponseDto> to ResponseEntity<BasicResponse<RoleResponseDto>>

2021-03-05 08:22:02,497 INFO org.springframework.boot.autoconfigure.logging.ConditionEvaluationReportLoggingListener [restartedMain] 

Error starting ApplicationContext. To display the conditions report re-run your application with 'debug' enabled.
2021-03-05 08:22:02,500 ERROR org.springframework.boot.SpringApplication [restartedMain] Application run failed
org.springframework.beans.factory.BeanCreationException: Error creating bean with name 'roleController' defined in file [/home/abdulrafeek/AB InProject/v4/ABC/target/classes/com/abinbev/admin/controller/RoleController.class]: Instantiation of bean failed; nested exception is org.springframework.beans.BeanInstantiationException: Failed to instantiate [com.abinbev.admin.controller.RoleController]: Constructor threw exception; nested exception is java.lang.Error: Unresolved compilation problems: 
	Syntax error on token ";", import expected after this token
	LoggerFactory cannot be resolved
	Type mismatch: cannot convert from BasicResponse<RoleResponseDto> to RoleResponseDto
	Type mismatch: cannot convert from ResponseEntity<RoleResponseDto> to ResponseEntity<BasicResponse<RoleResponseDto>>

	at org.springframework.beans.factory.support.AbstractAutowireCapableBeanFactory.instantiateBean(AbstractAutowireCapableBeanFactory.java:1318)
	at org.springframework.beans.factory.support.AbstractAutowireCapableBeanFactory.createBeanInstance(AbstractAutowireCapableBeanFactory.java:1216)
	at org.springframework.beans.factory.support.AbstractAutowireCapableBeanFactory.doCreateBean(AbstractAutowireCapableBeanFactory.java:571)
	at org.springframework.beans.factory.support.AbstractAutowireCapableBeanFactory.createBean(AbstractAutowireCapableBeanFactory.java:531)
	at org.springframework.beans.factory.support.AbstractBeanFactory.lambda$doGetBean$0(AbstractBeanFactory.java:335)
	at org.springframework.beans.factory.support.DefaultSingletonBeanRegistry.getSingleton(DefaultSingletonBeanRegistry.java:234)
	at org.springframework.beans.factory.support.AbstractBeanFactory.doGetBean(AbstractBeanFactory.java:333)
	at org.springframework.beans.factory.support.AbstractBeanFactory.getBean(AbstractBeanFactory.java:208)
	at org.springframework.beans.factory.support.DefaultListableBeanFactory.preInstantiateSingletons(DefaultListableBeanFactory.java:944)
	at org.springframework.context.support.AbstractApplicationContext.finishBeanFactoryInitialization(AbstractApplicationContext.java:923)
	at org.springframework.context.support.AbstractApplicationContext.refresh(AbstractApplicationContext.java:588)
	at org.springframework.boot.web.servlet.context.ServletWebServerApplicationContext.refresh(ServletWebServerApplicationContext.java:144)
	at org.springframework.boot.SpringApplication.refresh(SpringApplication.java:767)
	at org.springframework.boot.SpringApplication.refresh(SpringApplication.java:759)
	at org.springframework.boot.SpringApplication.refreshContext(SpringApplication.java:426)
	at org.springframework.boot.SpringApplication.run(SpringApplication.java:326)
	at org.springframework.boot.SpringApplication.run(SpringApplication.java:1311)
	at org.springframework.boot.SpringApplication.run(SpringApplication.java:1300)
	at com.abinbev.admin.AdminApplication.main(AdminApplication.java:12)
	at java.base/jdk.internal.reflect.NativeMethodAccessorImpl.invoke0(Native Method)
	at java.base/jdk.internal.reflect.NativeMethodAccessorImpl.invoke(NativeMethodAccessorImpl.java:62)
	at java.base/jdk.internal.reflect.DelegatingMethodAccessorImpl.invoke(DelegatingMethodAccessorImpl.java:43)
	at java.base/java.lang.reflect.Method.invoke(Method.java:566)
	at org.springframework.boot.devtools.restart.RestartLauncher.run(RestartLauncher.java:49)
Caused by: org.springframework.beans.BeanInstantiationException: Failed to instantiate [com.abinbev.admin.controller.RoleController]: Constructor threw exception; nested exception is java.lang.Error: Unresolved compilation problems: 
	Syntax error on token ";", import expected after this token
	LoggerFactory cannot be resolved
	Type mismatch: cannot convert from BasicResponse<RoleResponseDto> to RoleResponseDto
	Type mismatch: cannot convert from ResponseEntity<RoleResponseDto> to ResponseEntity<BasicResponse<RoleResponseDto>>

	at org.springframework.beans.BeanUtils.instantiateClass(BeanUtils.java:225)
	at org.springframework.beans.factory.support.SimpleInstantiationStrategy.instantiate(SimpleInstantiationStrategy.java:87)
	at org.springframework.beans.factory.support.AbstractAutowireCapableBeanFactory.instantiateBean(AbstractAutowireCapableBeanFactory.java:1310)
	... 23 common frames omitted
Caused by: java.lang.Error: Unresolved compilation problems: 
	Syntax error on token ";", import expected after this token
	LoggerFactory cannot be resolved
	Type mismatch: cannot convert from BasicResponse<RoleResponseDto> to RoleResponseDto
	Type mismatch: cannot convert from ResponseEntity<RoleResponseDto> to ResponseEntity<BasicResponse<RoleResponseDto>>

	at com.abinbev.admin.controller.RoleController.<init>(RoleController.java:4)
	at java.base/jdk.internal.reflect.NativeConstructorAccessorImpl.newInstance0(Native Method)
	at java.base/jdk.internal.reflect.NativeConstructorAccessorImpl.newInstance(NativeConstructorAccessorImpl.java:62)
	at java.base/jdk.internal.reflect.DelegatingConstructorAccessorImpl.newInstance(DelegatingConstructorAccessorImpl.java:45)
	at java.base/java.lang.reflect.Constructor.newInstance(Constructor.java:490)
	at org.springframework.beans.BeanUtils.instantiateClass(BeanUtils.java:212)
	... 25 common frames omitted
2021-03-05 08:22:51,339 INFO org.springframework.data.repository.config.RepositoryConfigurationDelegate [restartedMain] Bootstrapping Spring Data MongoDB repositories in DEFAULT mode.
2021-03-05 08:22:51,342 INFO org.springframework.data.repository.config.RepositoryConfigurationDelegate [restartedMain] Finished Spring Data repository scanning in 3 ms. Found 0 MongoDB repository interfaces.
2021-03-05 08:22:51,380 INFO org.springframework.boot.web.embedded.tomcat.TomcatWebServer [restartedMain] Tomcat initialized with port(s): 8080 (http)
2021-03-05 08:22:51,384 INFO org.springframework.boot.web.servlet.context.ServletWebServerApplicationContext [restartedMain] Root WebApplicationContext: initialization completed in 192 ms
2021-03-05 08:22:51,403 INFO org.springframework.boot.devtools.autoconfigure.OptionalLiveReloadServer [restartedMain] LiveReload server is running on port 35729
2021-03-05 08:22:51,423 WARN org.springframework.boot.web.servlet.context.AnnotationConfigServletWebServerApplicationContext [restartedMain] Exception encountered during context initialization - cancelling refresh attempt: org.springframework.beans.factory.BeanCreationException: Error creating bean with name 'roleController' defined in file [/home/abdulrafeek/AB InProject/v4/ABC/target/classes/com/abinbev/admin/controller/RoleController.class]: Instantiation of bean failed; nested exception is org.springframework.beans.BeanInstantiationException: Failed to instantiate [com.abinbev.admin.controller.RoleController]: Constructor threw exception; nested exception is java.lang.Error: Unresolved compilation problems: 
	Syntax error on token ";", import expected after this token
	LoggerFactory cannot be resolved
	Type mismatch: cannot convert from BasicResponse<RoleResponseDto> to RoleResponseDto
	Type mismatch: cannot convert from ResponseEntity<RoleResponseDto> to ResponseEntity<BasicResponse<RoleResponseDto>>

2021-03-05 08:22:51,427 INFO org.springframework.boot.autoconfigure.logging.ConditionEvaluationReportLoggingListener [restartedMain] 

Error starting ApplicationContext. To display the conditions report re-run your application with 'debug' enabled.
2021-03-05 08:22:51,428 ERROR org.springframework.boot.SpringApplication [restartedMain] Application run failed
org.springframework.beans.factory.BeanCreationException: Error creating bean with name 'roleController' defined in file [/home/abdulrafeek/AB InProject/v4/ABC/target/classes/com/abinbev/admin/controller/RoleController.class]: Instantiation of bean failed; nested exception is org.springframework.beans.BeanInstantiationException: Failed to instantiate [com.abinbev.admin.controller.RoleController]: Constructor threw exception; nested exception is java.lang.Error: Unresolved compilation problems: 
	Syntax error on token ";", import expected after this token
	LoggerFactory cannot be resolved
	Type mismatch: cannot convert from BasicResponse<RoleResponseDto> to RoleResponseDto
	Type mismatch: cannot convert from ResponseEntity<RoleResponseDto> to ResponseEntity<BasicResponse<RoleResponseDto>>

	at org.springframework.beans.factory.support.AbstractAutowireCapableBeanFactory.instantiateBean(AbstractAutowireCapableBeanFactory.java:1318)
	at org.springframework.beans.factory.support.AbstractAutowireCapableBeanFactory.createBeanInstance(AbstractAutowireCapableBeanFactory.java:1216)
	at org.springframework.beans.factory.support.AbstractAutowireCapableBeanFactory.doCreateBean(AbstractAutowireCapableBeanFactory.java:571)
	at org.springframework.beans.factory.support.AbstractAutowireCapableBeanFactory.createBean(AbstractAutowireCapableBeanFactory.java:531)
	at org.springframework.beans.factory.support.AbstractBeanFactory.lambda$doGetBean$0(AbstractBeanFactory.java:335)
	at org.springframework.beans.factory.support.DefaultSingletonBeanRegistry.getSingleton(DefaultSingletonBeanRegistry.java:234)
	at org.springframework.beans.factory.support.AbstractBeanFactory.doGetBean(AbstractBeanFactory.java:333)
	at org.springframework.beans.factory.support.AbstractBeanFactory.getBean(AbstractBeanFactory.java:208)
	at org.springframework.beans.factory.support.DefaultListableBeanFactory.preInstantiateSingletons(DefaultListableBeanFactory.java:944)
	at org.springframework.context.support.AbstractApplicationContext.finishBeanFactoryInitialization(AbstractApplicationContext.java:923)
	at org.springframework.context.support.AbstractApplicationContext.refresh(AbstractApplicationContext.java:588)
	at org.springframework.boot.web.servlet.context.ServletWebServerApplicationContext.refresh(ServletWebServerApplicationContext.java:144)
	at org.springframework.boot.SpringApplication.refresh(SpringApplication.java:767)
	at org.springframework.boot.SpringApplication.refresh(SpringApplication.java:759)
	at org.springframework.boot.SpringApplication.refreshContext(SpringApplication.java:426)
	at org.springframework.boot.SpringApplication.run(SpringApplication.java:326)
	at org.springframework.boot.SpringApplication.run(SpringApplication.java:1311)
	at org.springframework.boot.SpringApplication.run(SpringApplication.java:1300)
	at com.abinbev.admin.AdminApplication.main(AdminApplication.java:12)
	at java.base/jdk.internal.reflect.NativeMethodAccessorImpl.invoke0(Native Method)
	at java.base/jdk.internal.reflect.NativeMethodAccessorImpl.invoke(NativeMethodAccessorImpl.java:62)
	at java.base/jdk.internal.reflect.DelegatingMethodAccessorImpl.invoke(DelegatingMethodAccessorImpl.java:43)
	at java.base/java.lang.reflect.Method.invoke(Method.java:566)
	at org.springframework.boot.devtools.restart.RestartLauncher.run(RestartLauncher.java:49)
Caused by: org.springframework.beans.BeanInstantiationException: Failed to instantiate [com.abinbev.admin.controller.RoleController]: Constructor threw exception; nested exception is java.lang.Error: Unresolved compilation problems: 
	Syntax error on token ";", import expected after this token
	LoggerFactory cannot be resolved
	Type mismatch: cannot convert from BasicResponse<RoleResponseDto> to RoleResponseDto
	Type mismatch: cannot convert from ResponseEntity<RoleResponseDto> to ResponseEntity<BasicResponse<RoleResponseDto>>

	at org.springframework.beans.BeanUtils.instantiateClass(BeanUtils.java:225)
	at org.springframework.beans.factory.support.SimpleInstantiationStrategy.instantiate(SimpleInstantiationStrategy.java:87)
	at org.springframework.beans.factory.support.AbstractAutowireCapableBeanFactory.instantiateBean(AbstractAutowireCapableBeanFactory.java:1310)
	... 23 common frames omitted
Caused by: java.lang.Error: Unresolved compilation problems: 
	Syntax error on token ";", import expected after this token
	LoggerFactory cannot be resolved
	Type mismatch: cannot convert from BasicResponse<RoleResponseDto> to RoleResponseDto
	Type mismatch: cannot convert from ResponseEntity<RoleResponseDto> to ResponseEntity<BasicResponse<RoleResponseDto>>

	at com.abinbev.admin.controller.RoleController.<init>(RoleController.java:4)
	at java.base/jdk.internal.reflect.NativeConstructorAccessorImpl.newInstance0(Native Method)
	at java.base/jdk.internal.reflect.NativeConstructorAccessorImpl.newInstance(NativeConstructorAccessorImpl.java:62)
	at java.base/jdk.internal.reflect.DelegatingConstructorAccessorImpl.newInstance(DelegatingConstructorAccessorImpl.java:45)
	at java.base/java.lang.reflect.Constructor.newInstance(Constructor.java:490)
	at org.springframework.beans.BeanUtils.instantiateClass(BeanUtils.java:212)
	... 25 common frames omitted
2021-03-05 08:23:26,169 INFO org.springframework.data.repository.config.RepositoryConfigurationDelegate [restartedMain] Bootstrapping Spring Data MongoDB repositories in DEFAULT mode.
2021-03-05 08:23:26,173 INFO org.springframework.data.repository.config.RepositoryConfigurationDelegate [restartedMain] Finished Spring Data repository scanning in 3 ms. Found 0 MongoDB repository interfaces.
2021-03-05 08:23:26,234 INFO org.springframework.boot.web.embedded.tomcat.TomcatWebServer [restartedMain] Tomcat initialized with port(s): 8080 (http)
2021-03-05 08:23:26,238 INFO org.springframework.boot.web.servlet.context.ServletWebServerApplicationContext [restartedMain] Root WebApplicationContext: initialization completed in 209 ms
2021-03-05 08:23:26,265 INFO org.springframework.boot.devtools.autoconfigure.OptionalLiveReloadServer [restartedMain] LiveReload server is running on port 35729
2021-03-05 08:23:26,288 WARN org.springframework.boot.web.servlet.context.AnnotationConfigServletWebServerApplicationContext [restartedMain] Exception encountered during context initialization - cancelling refresh attempt: org.springframework.beans.factory.BeanCreationException: Error creating bean with name 'roleController' defined in file [/home/abdulrafeek/AB InProject/v4/ABC/target/classes/com/abinbev/admin/controller/RoleController.class]: Instantiation of bean failed; nested exception is org.springframework.beans.BeanInstantiationException: Failed to instantiate [com.abinbev.admin.controller.RoleController]: Constructor threw exception; nested exception is java.lang.Error: Unresolved compilation problems: 
	Syntax error on token ";", import expected after this token
	LoggerFactory cannot be resolved
	Type mismatch: cannot convert from BasicResponse<RoleResponseDto> to RoleResponseDto
	Type mismatch: cannot convert from ResponseEntity<RoleResponseDto> to ResponseEntity<BasicResponse<RoleResponseDto>>

2021-03-05 08:23:26,293 INFO org.springframework.boot.autoconfigure.logging.ConditionEvaluationReportLoggingListener [restartedMain] 

Error starting ApplicationContext. To display the conditions report re-run your application with 'debug' enabled.
2021-03-05 08:23:26,295 ERROR org.springframework.boot.SpringApplication [restartedMain] Application run failed
org.springframework.beans.factory.BeanCreationException: Error creating bean with name 'roleController' defined in file [/home/abdulrafeek/AB InProject/v4/ABC/target/classes/com/abinbev/admin/controller/RoleController.class]: Instantiation of bean failed; nested exception is org.springframework.beans.BeanInstantiationException: Failed to instantiate [com.abinbev.admin.controller.RoleController]: Constructor threw exception; nested exception is java.lang.Error: Unresolved compilation problems: 
	Syntax error on token ";", import expected after this token
	LoggerFactory cannot be resolved
	Type mismatch: cannot convert from BasicResponse<RoleResponseDto> to RoleResponseDto
	Type mismatch: cannot convert from ResponseEntity<RoleResponseDto> to ResponseEntity<BasicResponse<RoleResponseDto>>

	at org.springframework.beans.factory.support.AbstractAutowireCapableBeanFactory.instantiateBean(AbstractAutowireCapableBeanFactory.java:1318)
	at org.springframework.beans.factory.support.AbstractAutowireCapableBeanFactory.createBeanInstance(AbstractAutowireCapableBeanFactory.java:1216)
	at org.springframework.beans.factory.support.AbstractAutowireCapableBeanFactory.doCreateBean(AbstractAutowireCapableBeanFactory.java:571)
	at org.springframework.beans.factory.support.AbstractAutowireCapableBeanFactory.createBean(AbstractAutowireCapableBeanFactory.java:531)
	at org.springframework.beans.factory.support.AbstractBeanFactory.lambda$doGetBean$0(AbstractBeanFactory.java:335)
	at org.springframework.beans.factory.support.DefaultSingletonBeanRegistry.getSingleton(DefaultSingletonBeanRegistry.java:234)
	at org.springframework.beans.factory.support.AbstractBeanFactory.doGetBean(AbstractBeanFactory.java:333)
	at org.springframework.beans.factory.support.AbstractBeanFactory.getBean(AbstractBeanFactory.java:208)
	at org.springframework.beans.factory.support.DefaultListableBeanFactory.preInstantiateSingletons(DefaultListableBeanFactory.java:944)
	at org.springframework.context.support.AbstractApplicationContext.finishBeanFactoryInitialization(AbstractApplicationContext.java:923)
	at org.springframework.context.support.AbstractApplicationContext.refresh(AbstractApplicationContext.java:588)
	at org.springframework.boot.web.servlet.context.ServletWebServerApplicationContext.refresh(ServletWebServerApplicationContext.java:144)
	at org.springframework.boot.SpringApplication.refresh(SpringApplication.java:767)
	at org.springframework.boot.SpringApplication.refresh(SpringApplication.java:759)
	at org.springframework.boot.SpringApplication.refreshContext(SpringApplication.java:426)
	at org.springframework.boot.SpringApplication.run(SpringApplication.java:326)
	at org.springframework.boot.SpringApplication.run(SpringApplication.java:1311)
	at org.springframework.boot.SpringApplication.run(SpringApplication.java:1300)
	at com.abinbev.admin.AdminApplication.main(AdminApplication.java:12)
	at java.base/jdk.internal.reflect.NativeMethodAccessorImpl.invoke0(Native Method)
	at java.base/jdk.internal.reflect.NativeMethodAccessorImpl.invoke(NativeMethodAccessorImpl.java:62)
	at java.base/jdk.internal.reflect.DelegatingMethodAccessorImpl.invoke(DelegatingMethodAccessorImpl.java:43)
	at java.base/java.lang.reflect.Method.invoke(Method.java:566)
	at org.springframework.boot.devtools.restart.RestartLauncher.run(RestartLauncher.java:49)
Caused by: org.springframework.beans.BeanInstantiationException: Failed to instantiate [com.abinbev.admin.controller.RoleController]: Constructor threw exception; nested exception is java.lang.Error: Unresolved compilation problems: 
	Syntax error on token ";", import expected after this token
	LoggerFactory cannot be resolved
	Type mismatch: cannot convert from BasicResponse<RoleResponseDto> to RoleResponseDto
	Type mismatch: cannot convert from ResponseEntity<RoleResponseDto> to ResponseEntity<BasicResponse<RoleResponseDto>>

	at org.springframework.beans.BeanUtils.instantiateClass(BeanUtils.java:225)
	at org.springframework.beans.factory.support.SimpleInstantiationStrategy.instantiate(SimpleInstantiationStrategy.java:87)
	at org.springframework.beans.factory.support.AbstractAutowireCapableBeanFactory.instantiateBean(AbstractAutowireCapableBeanFactory.java:1310)
	... 23 common frames omitted
Caused by: java.lang.Error: Unresolved compilation problems: 
	Syntax error on token ";", import expected after this token
	LoggerFactory cannot be resolved
	Type mismatch: cannot convert from BasicResponse<RoleResponseDto> to RoleResponseDto
	Type mismatch: cannot convert from ResponseEntity<RoleResponseDto> to ResponseEntity<BasicResponse<RoleResponseDto>>

	at com.abinbev.admin.controller.RoleController.<init>(RoleController.java:4)
	at java.base/jdk.internal.reflect.NativeConstructorAccessorImpl.newInstance0(Native Method)
	at java.base/jdk.internal.reflect.NativeConstructorAccessorImpl.newInstance(NativeConstructorAccessorImpl.java:62)
	at java.base/jdk.internal.reflect.DelegatingConstructorAccessorImpl.newInstance(DelegatingConstructorAccessorImpl.java:45)
	at java.base/java.lang.reflect.Constructor.newInstance(Constructor.java:490)
	at org.springframework.beans.BeanUtils.instantiateClass(BeanUtils.java:212)
	... 25 common frames omitted
2021-03-05 08:26:19,694 INFO org.springframework.data.repository.config.RepositoryConfigurationDelegate [restartedMain] Bootstrapping Spring Data MongoDB repositories in DEFAULT mode.
2021-03-05 08:26:19,697 INFO org.springframework.data.repository.config.RepositoryConfigurationDelegate [restartedMain] Finished Spring Data repository scanning in 2 ms. Found 0 MongoDB repository interfaces.
2021-03-05 08:26:19,731 INFO org.springframework.boot.web.embedded.tomcat.TomcatWebServer [restartedMain] Tomcat initialized with port(s): 8080 (http)
2021-03-05 08:26:19,735 INFO org.springframework.boot.web.servlet.context.ServletWebServerApplicationContext [restartedMain] Root WebApplicationContext: initialization completed in 161 ms
2021-03-05 08:26:19,753 INFO org.springframework.boot.devtools.autoconfigure.OptionalLiveReloadServer [restartedMain] LiveReload server is running on port 35729
2021-03-05 08:26:19,775 WARN org.springframework.boot.web.servlet.context.AnnotationConfigServletWebServerApplicationContext [restartedMain] Exception encountered during context initialization - cancelling refresh attempt: org.springframework.beans.factory.BeanCreationException: Error creating bean with name 'roleController' defined in file [/home/abdulrafeek/AB InProject/v4/ABC/target/classes/com/abinbev/admin/controller/RoleController.class]: Instantiation of bean failed; nested exception is org.springframework.beans.BeanInstantiationException: Failed to instantiate [com.abinbev.admin.controller.RoleController]: Constructor threw exception; nested exception is java.lang.Error: Unresolved compilation problems: 
	Syntax error on token ";", import expected after this token
	LoggerFactory cannot be resolved
	Type mismatch: cannot convert from BasicResponse<RoleResponseDto> to RoleResponseDto
	Type mismatch: cannot convert from ResponseEntity<RoleResponseDto> to ResponseEntity<BasicResponse<RoleResponseDto>>

2021-03-05 08:26:19,779 INFO org.springframework.boot.autoconfigure.logging.ConditionEvaluationReportLoggingListener [restartedMain] 

Error starting ApplicationContext. To display the conditions report re-run your application with 'debug' enabled.
2021-03-05 08:26:19,780 ERROR org.springframework.boot.SpringApplication [restartedMain] Application run failed
org.springframework.beans.factory.BeanCreationException: Error creating bean with name 'roleController' defined in file [/home/abdulrafeek/AB InProject/v4/ABC/target/classes/com/abinbev/admin/controller/RoleController.class]: Instantiation of bean failed; nested exception is org.springframework.beans.BeanInstantiationException: Failed to instantiate [com.abinbev.admin.controller.RoleController]: Constructor threw exception; nested exception is java.lang.Error: Unresolved compilation problems: 
	Syntax error on token ";", import expected after this token
	LoggerFactory cannot be resolved
	Type mismatch: cannot convert from BasicResponse<RoleResponseDto> to RoleResponseDto
	Type mismatch: cannot convert from ResponseEntity<RoleResponseDto> to ResponseEntity<BasicResponse<RoleResponseDto>>

	at org.springframework.beans.factory.support.AbstractAutowireCapableBeanFactory.instantiateBean(AbstractAutowireCapableBeanFactory.java:1318)
	at org.springframework.beans.factory.support.AbstractAutowireCapableBeanFactory.createBeanInstance(AbstractAutowireCapableBeanFactory.java:1216)
	at org.springframework.beans.factory.support.AbstractAutowireCapableBeanFactory.doCreateBean(AbstractAutowireCapableBeanFactory.java:571)
	at org.springframework.beans.factory.support.AbstractAutowireCapableBeanFactory.createBean(AbstractAutowireCapableBeanFactory.java:531)
	at org.springframework.beans.factory.support.AbstractBeanFactory.lambda$doGetBean$0(AbstractBeanFactory.java:335)
	at org.springframework.beans.factory.support.DefaultSingletonBeanRegistry.getSingleton(DefaultSingletonBeanRegistry.java:234)
	at org.springframework.beans.factory.support.AbstractBeanFactory.doGetBean(AbstractBeanFactory.java:333)
	at org.springframework.beans.factory.support.AbstractBeanFactory.getBean(AbstractBeanFactory.java:208)
	at org.springframework.beans.factory.support.DefaultListableBeanFactory.preInstantiateSingletons(DefaultListableBeanFactory.java:944)
	at org.springframework.context.support.AbstractApplicationContext.finishBeanFactoryInitialization(AbstractApplicationContext.java:923)
	at org.springframework.context.support.AbstractApplicationContext.refresh(AbstractApplicationContext.java:588)
	at org.springframework.boot.web.servlet.context.ServletWebServerApplicationContext.refresh(ServletWebServerApplicationContext.java:144)
	at org.springframework.boot.SpringApplication.refresh(SpringApplication.java:767)
	at org.springframework.boot.SpringApplication.refresh(SpringApplication.java:759)
	at org.springframework.boot.SpringApplication.refreshContext(SpringApplication.java:426)
	at org.springframework.boot.SpringApplication.run(SpringApplication.java:326)
	at org.springframework.boot.SpringApplication.run(SpringApplication.java:1311)
	at org.springframework.boot.SpringApplication.run(SpringApplication.java:1300)
	at com.abinbev.admin.AdminApplication.main(AdminApplication.java:12)
	at java.base/jdk.internal.reflect.NativeMethodAccessorImpl.invoke0(Native Method)
	at java.base/jdk.internal.reflect.NativeMethodAccessorImpl.invoke(NativeMethodAccessorImpl.java:62)
	at java.base/jdk.internal.reflect.DelegatingMethodAccessorImpl.invoke(DelegatingMethodAccessorImpl.java:43)
	at java.base/java.lang.reflect.Method.invoke(Method.java:566)
	at org.springframework.boot.devtools.restart.RestartLauncher.run(RestartLauncher.java:49)
Caused by: org.springframework.beans.BeanInstantiationException: Failed to instantiate [com.abinbev.admin.controller.RoleController]: Constructor threw exception; nested exception is java.lang.Error: Unresolved compilation problems: 
	Syntax error on token ";", import expected after this token
	LoggerFactory cannot be resolved
	Type mismatch: cannot convert from BasicResponse<RoleResponseDto> to RoleResponseDto
	Type mismatch: cannot convert from ResponseEntity<RoleResponseDto> to ResponseEntity<BasicResponse<RoleResponseDto>>

	at org.springframework.beans.BeanUtils.instantiateClass(BeanUtils.java:225)
	at org.springframework.beans.factory.support.SimpleInstantiationStrategy.instantiate(SimpleInstantiationStrategy.java:87)
	at org.springframework.beans.factory.support.AbstractAutowireCapableBeanFactory.instantiateBean(AbstractAutowireCapableBeanFactory.java:1310)
	... 23 common frames omitted
Caused by: java.lang.Error: Unresolved compilation problems: 
	Syntax error on token ";", import expected after this token
	LoggerFactory cannot be resolved
	Type mismatch: cannot convert from BasicResponse<RoleResponseDto> to RoleResponseDto
	Type mismatch: cannot convert from ResponseEntity<RoleResponseDto> to ResponseEntity<BasicResponse<RoleResponseDto>>

	at com.abinbev.admin.controller.RoleController.<init>(RoleController.java:4)
	at java.base/jdk.internal.reflect.NativeConstructorAccessorImpl.newInstance0(Native Method)
	at java.base/jdk.internal.reflect.NativeConstructorAccessorImpl.newInstance(NativeConstructorAccessorImpl.java:62)
	at java.base/jdk.internal.reflect.DelegatingConstructorAccessorImpl.newInstance(DelegatingConstructorAccessorImpl.java:45)
	at java.base/java.lang.reflect.Constructor.newInstance(Constructor.java:490)
	at org.springframework.beans.BeanUtils.instantiateClass(BeanUtils.java:212)
	... 25 common frames omitted
2021-03-05 08:30:23,579 INFO org.springframework.data.repository.config.RepositoryConfigurationDelegate [restartedMain] Bootstrapping Spring Data MongoDB repositories in DEFAULT mode.
2021-03-05 08:30:23,583 INFO org.springframework.data.repository.config.RepositoryConfigurationDelegate [restartedMain] Finished Spring Data repository scanning in 3 ms. Found 0 MongoDB repository interfaces.
2021-03-05 08:30:23,631 INFO org.springframework.boot.web.embedded.tomcat.TomcatWebServer [restartedMain] Tomcat initialized with port(s): 8080 (http)
2021-03-05 08:30:23,635 INFO org.springframework.boot.web.servlet.context.ServletWebServerApplicationContext [restartedMain] Root WebApplicationContext: initialization completed in 200 ms
2021-03-05 08:30:23,658 INFO org.springframework.boot.devtools.autoconfigure.OptionalLiveReloadServer [restartedMain] LiveReload server is running on port 35729
2021-03-05 08:30:23,683 WARN org.springframework.boot.web.servlet.context.AnnotationConfigServletWebServerApplicationContext [restartedMain] Exception encountered during context initialization - cancelling refresh attempt: org.springframework.beans.factory.BeanCreationException: Error creating bean with name 'roleController' defined in file [/home/abdulrafeek/AB InProject/v4/ABC/target/classes/com/abinbev/admin/controller/RoleController.class]: Instantiation of bean failed; nested exception is org.springframework.beans.BeanInstantiationException: Failed to instantiate [com.abinbev.admin.controller.RoleController]: Constructor threw exception; nested exception is java.lang.Error: Unresolved compilation problems: 
	Syntax error on token ";", import expected after this token
	LoggerFactory cannot be resolved
	Type mismatch: cannot convert from BasicResponse<RoleResponseDto> to RoleResponseDto
	Type mismatch: cannot convert from ResponseEntity<RoleResponseDto> to ResponseEntity<BasicResponse<RoleResponseDto>>

2021-03-05 08:30:23,690 INFO org.springframework.boot.autoconfigure.logging.ConditionEvaluationReportLoggingListener [restartedMain] 

Error starting ApplicationContext. To display the conditions report re-run your application with 'debug' enabled.
2021-03-05 08:30:23,691 ERROR org.springframework.boot.SpringApplication [restartedMain] Application run failed
org.springframework.beans.factory.BeanCreationException: Error creating bean with name 'roleController' defined in file [/home/abdulrafeek/AB InProject/v4/ABC/target/classes/com/abinbev/admin/controller/RoleController.class]: Instantiation of bean failed; nested exception is org.springframework.beans.BeanInstantiationException: Failed to instantiate [com.abinbev.admin.controller.RoleController]: Constructor threw exception; nested exception is java.lang.Error: Unresolved compilation problems: 
	Syntax error on token ";", import expected after this token
	LoggerFactory cannot be resolved
	Type mismatch: cannot convert from BasicResponse<RoleResponseDto> to RoleResponseDto
	Type mismatch: cannot convert from ResponseEntity<RoleResponseDto> to ResponseEntity<BasicResponse<RoleResponseDto>>

	at org.springframework.beans.factory.support.AbstractAutowireCapableBeanFactory.instantiateBean(AbstractAutowireCapableBeanFactory.java:1318)
	at org.springframework.beans.factory.support.AbstractAutowireCapableBeanFactory.createBeanInstance(AbstractAutowireCapableBeanFactory.java:1216)
	at org.springframework.beans.factory.support.AbstractAutowireCapableBeanFactory.doCreateBean(AbstractAutowireCapableBeanFactory.java:571)
	at org.springframework.beans.factory.support.AbstractAutowireCapableBeanFactory.createBean(AbstractAutowireCapableBeanFactory.java:531)
	at org.springframework.beans.factory.support.AbstractBeanFactory.lambda$doGetBean$0(AbstractBeanFactory.java:335)
	at org.springframework.beans.factory.support.DefaultSingletonBeanRegistry.getSingleton(DefaultSingletonBeanRegistry.java:234)
	at org.springframework.beans.factory.support.AbstractBeanFactory.doGetBean(AbstractBeanFactory.java:333)
	at org.springframework.beans.factory.support.AbstractBeanFactory.getBean(AbstractBeanFactory.java:208)
	at org.springframework.beans.factory.support.DefaultListableBeanFactory.preInstantiateSingletons(DefaultListableBeanFactory.java:944)
	at org.springframework.context.support.AbstractApplicationContext.finishBeanFactoryInitialization(AbstractApplicationContext.java:923)
	at org.springframework.context.support.AbstractApplicationContext.refresh(AbstractApplicationContext.java:588)
	at org.springframework.boot.web.servlet.context.ServletWebServerApplicationContext.refresh(ServletWebServerApplicationContext.java:144)
	at org.springframework.boot.SpringApplication.refresh(SpringApplication.java:767)
	at org.springframework.boot.SpringApplication.refresh(SpringApplication.java:759)
	at org.springframework.boot.SpringApplication.refreshContext(SpringApplication.java:426)
	at org.springframework.boot.SpringApplication.run(SpringApplication.java:326)
	at org.springframework.boot.SpringApplication.run(SpringApplication.java:1311)
	at org.springframework.boot.SpringApplication.run(SpringApplication.java:1300)
	at com.abinbev.admin.AdminApplication.main(AdminApplication.java:12)
	at java.base/jdk.internal.reflect.NativeMethodAccessorImpl.invoke0(Native Method)
	at java.base/jdk.internal.reflect.NativeMethodAccessorImpl.invoke(NativeMethodAccessorImpl.java:62)
	at java.base/jdk.internal.reflect.DelegatingMethodAccessorImpl.invoke(DelegatingMethodAccessorImpl.java:43)
	at java.base/java.lang.reflect.Method.invoke(Method.java:566)
	at org.springframework.boot.devtools.restart.RestartLauncher.run(RestartLauncher.java:49)
Caused by: org.springframework.beans.BeanInstantiationException: Failed to instantiate [com.abinbev.admin.controller.RoleController]: Constructor threw exception; nested exception is java.lang.Error: Unresolved compilation problems: 
	Syntax error on token ";", import expected after this token
	LoggerFactory cannot be resolved
	Type mismatch: cannot convert from BasicResponse<RoleResponseDto> to RoleResponseDto
	Type mismatch: cannot convert from ResponseEntity<RoleResponseDto> to ResponseEntity<BasicResponse<RoleResponseDto>>

	at org.springframework.beans.BeanUtils.instantiateClass(BeanUtils.java:225)
	at org.springframework.beans.factory.support.SimpleInstantiationStrategy.instantiate(SimpleInstantiationStrategy.java:87)
	at org.springframework.beans.factory.support.AbstractAutowireCapableBeanFactory.instantiateBean(AbstractAutowireCapableBeanFactory.java:1310)
	... 23 common frames omitted
Caused by: java.lang.Error: Unresolved compilation problems: 
	Syntax error on token ";", import expected after this token
	LoggerFactory cannot be resolved
	Type mismatch: cannot convert from BasicResponse<RoleResponseDto> to RoleResponseDto
	Type mismatch: cannot convert from ResponseEntity<RoleResponseDto> to ResponseEntity<BasicResponse<RoleResponseDto>>

	at com.abinbev.admin.controller.RoleController.<init>(RoleController.java:4)
	at java.base/jdk.internal.reflect.NativeConstructorAccessorImpl.newInstance0(Native Method)
	at java.base/jdk.internal.reflect.NativeConstructorAccessorImpl.newInstance(NativeConstructorAccessorImpl.java:62)
	at java.base/jdk.internal.reflect.DelegatingConstructorAccessorImpl.newInstance(DelegatingConstructorAccessorImpl.java:45)
	at java.base/java.lang.reflect.Constructor.newInstance(Constructor.java:490)
	at org.springframework.beans.BeanUtils.instantiateClass(BeanUtils.java:212)
	... 25 common frames omitted
2021-03-05 08:30:51,377 INFO org.springframework.data.repository.config.RepositoryConfigurationDelegate [restartedMain] Bootstrapping Spring Data MongoDB repositories in DEFAULT mode.
2021-03-05 08:30:51,380 INFO org.springframework.data.repository.config.RepositoryConfigurationDelegate [restartedMain] Finished Spring Data repository scanning in 2 ms. Found 0 MongoDB repository interfaces.
2021-03-05 08:30:51,441 INFO org.springframework.boot.web.embedded.tomcat.TomcatWebServer [restartedMain] Tomcat initialized with port(s): 8080 (http)
2021-03-05 08:30:51,448 INFO org.springframework.boot.web.servlet.context.ServletWebServerApplicationContext [restartedMain] Root WebApplicationContext: initialization completed in 192 ms
2021-03-05 08:30:51,470 INFO org.springframework.boot.devtools.autoconfigure.OptionalLiveReloadServer [restartedMain] LiveReload server is running on port 35729
2021-03-05 08:30:51,571 INFO org.springframework.boot.web.embedded.tomcat.TomcatWebServer [restartedMain] Tomcat started on port(s): 8080 (http) with context path '/admin'
2021-03-05 08:30:51,629 INFO org.springframework.boot.devtools.autoconfigure.ConditionEvaluationDeltaLoggingListener [restartedMain] Condition evaluation unchanged
2021-03-05 08:33:35,036 INFO org.springframework.data.repository.config.RepositoryConfigurationDelegate [restartedMain] Bootstrapping Spring Data MongoDB repositories in DEFAULT mode.
2021-03-05 08:33:35,041 INFO org.springframework.data.repository.config.RepositoryConfigurationDelegate [restartedMain] Finished Spring Data repository scanning in 4 ms. Found 0 MongoDB repository interfaces.
2021-03-05 08:33:35,085 INFO org.springframework.boot.web.embedded.tomcat.TomcatWebServer [restartedMain] Tomcat initialized with port(s): 8080 (http)
2021-03-05 08:33:35,090 INFO org.springframework.boot.web.servlet.context.ServletWebServerApplicationContext [restartedMain] Root WebApplicationContext: initialization completed in 210 ms
2021-03-05 08:33:35,116 INFO org.springframework.boot.devtools.autoconfigure.OptionalLiveReloadServer [restartedMain] LiveReload server is running on port 35729
2021-03-05 08:33:35,269 INFO org.springframework.boot.web.embedded.tomcat.TomcatWebServer [restartedMain] Tomcat started on port(s): 8080 (http) with context path '/admin'
2021-03-05 08:33:35,346 INFO org.springframework.boot.devtools.autoconfigure.ConditionEvaluationDeltaLoggingListener [restartedMain] Condition evaluation unchanged
2021-03-05 08:37:12,963 INFO org.springframework.data.repository.config.RepositoryConfigurationDelegate [restartedMain] Bootstrapping Spring Data MongoDB repositories in DEFAULT mode.
2021-03-05 08:37:12,966 INFO org.springframework.data.repository.config.RepositoryConfigurationDelegate [restartedMain] Finished Spring Data repository scanning in 2 ms. Found 0 MongoDB repository interfaces.
2021-03-05 08:37:13,008 INFO org.springframework.boot.web.embedded.tomcat.TomcatWebServer [restartedMain] Tomcat initialized with port(s): 8080 (http)
2021-03-05 08:37:13,013 INFO org.springframework.boot.web.servlet.context.ServletWebServerApplicationContext [restartedMain] Root WebApplicationContext: initialization completed in 167 ms
2021-03-05 08:37:13,037 INFO org.springframework.boot.devtools.autoconfigure.OptionalLiveReloadServer [restartedMain] LiveReload server is running on port 35729
2021-03-05 08:37:13,147 INFO org.springframework.boot.web.embedded.tomcat.TomcatWebServer [restartedMain] Tomcat started on port(s): 8080 (http) with context path '/admin'
2021-03-05 08:37:13,198 INFO org.springframework.boot.devtools.autoconfigure.ConditionEvaluationDeltaLoggingListener [restartedMain] Condition evaluation unchanged
2021-03-05 08:37:36,469 INFO org.springframework.boot.devtools.env.DevToolsPropertyDefaultsPostProcessor [restartedMain] Devtools property defaults active! Set 'spring.devtools.add-properties' to 'false' to disable
2021-03-05 08:37:36,471 INFO org.springframework.boot.devtools.env.DevToolsPropertyDefaultsPostProcessor [restartedMain] For additional web related logging consider setting the 'logging.level.web' property to 'DEBUG'
2021-03-05 08:37:36,928 INFO org.springframework.data.repository.config.RepositoryConfigurationDelegate [restartedMain] Bootstrapping Spring Data MongoDB repositories in DEFAULT mode.
2021-03-05 08:37:36,936 INFO org.springframework.data.repository.config.RepositoryConfigurationDelegate [restartedMain] Finished Spring Data repository scanning in 6 ms. Found 0 MongoDB repository interfaces.
2021-03-05 08:37:37,199 INFO org.springframework.boot.web.embedded.tomcat.TomcatWebServer [restartedMain] Tomcat initialized with port(s): 8080 (http)
2021-03-05 08:37:37,233 INFO org.springframework.boot.web.servlet.context.ServletWebServerApplicationContext [restartedMain] Root WebApplicationContext: initialization completed in 762 ms
2021-03-05 08:37:37,394 INFO org.springframework.boot.devtools.autoconfigure.OptionalLiveReloadServer [restartedMain] LiveReload server is running on port 35729
2021-03-05 08:37:37,773 INFO org.springframework.boot.web.embedded.tomcat.TomcatWebServer [restartedMain] Tomcat started on port(s): 8080 (http) with context path '/admin'
2021-03-05 08:38:27,955 INFO org.springframework.web.servlet.DispatcherServlet [http-nio-8080-exec-2] Initializing Servlet 'dispatcherServlet'
2021-03-05 08:38:27,957 INFO org.springframework.web.servlet.DispatcherServlet [http-nio-8080-exec-2] Completed initialization in 1 ms
2021-03-05 08:38:27,968 WARN org.springframework.web.servlet.PageNotFound [http-nio-8080-exec-2] No mapping for POST /admin/categoryServices/v1/createCategoryService
2021-03-05 08:38:41,627 WARN org.springframework.web.servlet.PageNotFound [http-nio-8080-exec-3] No mapping for POST /admin/categoryController/v1/createCategoryService
2021-03-05 08:43:11,731 INFO org.springframework.boot.devtools.env.DevToolsPropertyDefaultsPostProcessor [restartedMain] Devtools property defaults active! Set 'spring.devtools.add-properties' to 'false' to disable
2021-03-05 08:43:11,732 INFO org.springframework.boot.devtools.env.DevToolsPropertyDefaultsPostProcessor [restartedMain] For additional web related logging consider setting the 'logging.level.web' property to 'DEBUG'
2021-03-05 08:43:12,183 INFO org.springframework.data.repository.config.RepositoryConfigurationDelegate [restartedMain] Bootstrapping Spring Data MongoDB repositories in DEFAULT mode.
2021-03-05 08:43:12,192 INFO org.springframework.data.repository.config.RepositoryConfigurationDelegate [restartedMain] Finished Spring Data repository scanning in 6 ms. Found 0 MongoDB repository interfaces.
2021-03-05 08:43:12,476 INFO org.springframework.boot.web.embedded.tomcat.TomcatWebServer [restartedMain] Tomcat initialized with port(s): 8080 (http)
2021-03-05 08:43:12,509 INFO org.springframework.boot.web.servlet.context.ServletWebServerApplicationContext [restartedMain] Root WebApplicationContext: initialization completed in 776 ms
2021-03-05 08:43:12,669 INFO org.springframework.boot.devtools.autoconfigure.OptionalLiveReloadServer [restartedMain] LiveReload server is running on port 35729
2021-03-05 08:43:13,047 INFO org.springframework.boot.web.embedded.tomcat.TomcatWebServer [restartedMain] Tomcat started on port(s): 8080 (http) with context path '/admin'
2021-03-05 08:43:23,388 INFO org.springframework.web.servlet.DispatcherServlet [http-nio-8080-exec-1] Initializing Servlet 'dispatcherServlet'
2021-03-05 08:43:23,390 INFO org.springframework.web.servlet.DispatcherServlet [http-nio-8080-exec-1] Completed initialization in 1 ms
