2021-03-04 19:04:59 DEBUG RoleController:86 - Request to list roles 
2021-03-04 19:05:50 DEBUG RoleController:86 - Request to list roles 
2021-03-04 19:07:06 DEBUG RoleController:86 - Request to list roles 
2021-03-04 19:08:00 DEBUG RoleController:86 - Request to list roles 
2021-03-05 08:49:49 DEBUG CategoryServiceController:57 - Request to create user UserDto(id=null, firstName=sruthy, lastName=ks, emailId=sruthykc2@gmail.com, phoneNo=8098854473, roleId=EU, categories=[CategoryDto(categoryId=UM, modules=[ModuleDto(moduleId=CU, subModules=[TA-add, EU-Add])]), CategoryDto(categoryId=MCR, modules=[]), CategoryDto(categoryId=MPR, modules=[ModuleDto(moduleId=SUR, subModules=[])])], status=null, createdDate=null, createdBy=null, modifiedDate=null, modifiedBy=null)
2021-03-05 08:50:43 DEBUG CategoryServiceController:57 - Request to create user UserDto(id=null, firstName=sruthy, lastName=ks, emailId=sruthykc2@gmail.com, phoneNo=8098854473, roleId=EU, categories=[CategoryDto(categoryId=UM, modules=[ModuleDto(moduleId=CU, subModules=[TA-add, EU-Add])]), CategoryDto(categoryId=MCR, modules=[]), CategoryDto(categoryId=MPR, modules=[ModuleDto(moduleId=SUR, subModules=[])])], status=null, createdDate=null, createdBy=null, modifiedDate=null, modifiedBy=null)
2021-03-05 08:51:16 DEBUG CategoryServiceController:57 - Request to create user UserDto(id=null, firstName=sruthy, lastName=ks, emailId=sruthykc2@gmail.com, phoneNo=8098854473, roleId=EU, categories=[CategoryDto(categoryId=UM, modules=[ModuleDto(moduleId=CU, subModules=[TA-add, EU-Add])]), CategoryDto(categoryId=MCR, modules=[]), CategoryDto(categoryId=MPR, modules=[ModuleDto(moduleId=SUR, subModules=[])])], status=null, createdDate=null, createdBy=null, modifiedDate=null, modifiedBy=null)
2021-03-05 08:53:14 DEBUG CategoryServiceController:57 - Request to create user UserDto(id=null, firstName=sruthy, lastName=ks, emailId=sruthykc2@gmail.com, phoneNo=8098854473, roleId=EU, categories=[CategoryDto(categoryId=UM, modules=[ModuleDto(moduleId=CU, subModules=[TA-add, EU-Add])]), CategoryDto(categoryId=MCR, modules=[]), CategoryDto(categoryId=MPR, modules=[ModuleDto(moduleId=SUR, subModules=[])])], status=null, createdDate=null, createdBy=null, modifiedDate=null, modifiedBy=null)
2021-03-05 08:55:02 DEBUG CategoryServiceController:57 - Request to create user UserDto(id=null, firstName=sruthy, lastName=ks, emailId=sruthy13.bca@gmail.com, phoneNo=8098854473, roleId=EU, categories=[CategoryDto(categoryId=UM, modules=[ModuleDto(moduleId=CU, subModules=[TA-add, EU-Add])]), CategoryDto(categoryId=MCR, modules=[]), CategoryDto(categoryId=MPR, modules=[ModuleDto(moduleId=SUR, subModules=[])])], status=null, createdDate=null, createdBy=null, modifiedDate=null, modifiedBy=null)
2021-03-05 09:21:13 DEBUG CategoryServiceController:57 - Request to create user UserDto(id=null, firstName=sruthy, lastName=ks, emailId=sruthy13.bca@gmail.com, phoneNo=8098854473, roleId=EU, categories=[CategoryDto(categoryId=UM, modules=[ModuleDto(moduleId=CU, subModules=[TA-add, EU-Add])]), CategoryDto(categoryId=MCR, modules=[]), CategoryDto(categoryId=MPR, modules=[ModuleDto(moduleId=SUR, subModules=[])])], status=null, createdDate=null, createdBy=null, modifiedDate=null, modifiedBy=null)
2021-03-05 09:23:40 DEBUG CategoryServiceController:57 - Request to create user UserDto(id=null, firstName=sruthy, lastName=ks, emailId=sruthykc2@gmail.om, phoneNo=8098854473, roleId=EU, categories=[CategoryDto(categoryId=UM, modules=[ModuleDto(moduleId=CU, subModules=[TA-add, EU-Add])]), CategoryDto(categoryId=MCR, modules=[]), CategoryDto(categoryId=MPR, modules=[ModuleDto(moduleId=SUR, subModules=[])])], status=null, createdDate=null, createdBy=null, modifiedDate=null, modifiedBy=null)
2021-03-05 09:27:30 DEBUG CategoryServiceController:57 - Request to create user UserDto(id=null, firstName=sruthy, lastName=ks, emailId=sruthykc2@gmail.om, phoneNo=8098854473, roleId=EU, categories=[CategoryDto(categoryId=UM, modules=[ModuleDto(moduleId=CU, subModules=[TA-add, EU-Add])]), CategoryDto(categoryId=MCR, modules=[]), CategoryDto(categoryId=MPR, modules=[ModuleDto(moduleId=SUR, subModules=[])])], status=null, createdDate=null, createdBy=null, modifiedDate=null, modifiedBy=null)
2021-03-05 09:27:42 DEBUG CategoryServiceController:57 - Request to create user UserDto(id=null, firstName=sruthy, lastName=ks, emailId=sruthy13.bca@gmail.om, phoneNo=8098854473, roleId=EU, categories=[CategoryDto(categoryId=UM, modules=[ModuleDto(moduleId=CU, subModules=[TA-add, EU-Add])]), CategoryDto(categoryId=MCR, modules=[]), CategoryDto(categoryId=MPR, modules=[ModuleDto(moduleId=SUR, subModules=[])])], status=null, createdDate=null, createdBy=null, modifiedDate=null, modifiedBy=null)
2021-03-05 11:03:32 DEBUG TenantAdminController:71 - Request to update user UserDto(id=null, firstName=rafeek, lastName=ks, emailId=rafeeq088@gmail.com, phoneNo=8089587001, roleId=TA, categories=null, status=active, createdDate=Fri Mar 05 11:03:31 IST 2021, createdBy=rafeeq088@gmail.com, modifiedDate=null, modifiedBy=null)
2021-03-05 11:03:32 DEBUG TenantAdminController:52 - Request to create user UserDto(id=null, firstName=rafeek, lastName=ks, emailId=rafeeq088@gmail.com, phoneNo=8089587001, roleId=TA, categories=null, status=active, createdDate=Fri Mar 05 11:03:32 IST 2021, createdBy=rafeeq088@gmail.com, modifiedDate=null, modifiedBy=null)
2021-03-05 11:03:32 DEBUG TenantAdminController:71 - Request to update user UserDto(id=null, firstName=rafeek, lastName=ks, emailId=null, phoneNo=8089587001, roleId=TA, categories=null, status=active, createdDate=Fri Mar 05 11:03:32 IST 2021, createdBy=rafeeq088@gmail.com, modifiedDate=null, modifiedBy=null)
2021-03-05 11:03:33 DEBUG RoleController:128 - Request to get a role EU
2021-03-05 11:03:33 DEBUG RoleController:50 - Request to create role RoleDto(id=null, roleId=EU, roleName=end user, roleDescription=null, platformServices=null, coreServices=null, status=active, createdDate=null, createdBy=null, modifiedDate=null, modifiedBy=null, userRole=TA)
2021-03-05 11:03:33 DEBUG RoleController:68 - Request to update role RoleDto(id=null, roleId=EU, roleName=end user, roleDescription=null, platformServices=null, coreServices=null, status=active, createdDate=null, createdBy=null, modifiedDate=null, modifiedBy=null, userRole=TA)
2021-03-05 11:03:33 DEBUG RoleController:128 - Request to get a role EU
2021-03-05 11:03:33 DEBUG RoleController:68 - Request to update role RoleDto(id=sdfghjkl, roleId=EU, roleName=end user, roleDescription=null, platformServices=null, coreServices=null, status=active, createdDate=null, createdBy=null, modifiedDate=null, modifiedBy=null, userRole=TA)
2021-03-05 11:03:35 DEBUG PermissionController:108 - Request to delete permission null
2021-03-05 11:03:35 DEBUG PermissionController:67 - Request to update permission PermissionDto(id=null, permissionId=AU, permissionName=Add User, permissionDescription=Can add a user, status=null, roleId=EU, message=null)
2021-03-05 11:03:35 DEBUG PermissionController:127 - Request to get a permission sdfghjkl
2021-03-05 11:03:35 DEBUG PermissionController:127 - Request to get a permission AU
2021-03-05 11:03:35 DEBUG PermissionController:49 - Request to create permission PermissionDto(id=null, permissionId=AU, permissionName=Add User, permissionDescription=Can add a user, status=null, roleId=EU, message=null)
2021-03-05 11:03:36 DEBUG CategoryServiceController:78 - Request to update user UserDto(id=null, firstName=rafeek, lastName=ks, emailId=rafeeq088@gmail.com, phoneNo=8089587001, roleId=TA, categories=null, status=active, createdDate=Fri Mar 05 11:03:36 IST 2021, createdBy=rafeeq088@gmail.com, modifiedDate=null, modifiedBy=null)
2021-03-05 11:03:36 DEBUG CategoryServiceController:57 - Request to create user UserDto(id=null, firstName=rafeek, lastName=ks, emailId=rafeeq088@gmail.com, phoneNo=8089587001, roleId=TA, categories=null, status=active, createdDate=Fri Mar 05 11:03:36 IST 2021, createdBy=rafeeq088@gmail.com, modifiedDate=null, modifiedBy=null)
2021-03-05 11:03:36 DEBUG CategoryServiceController:78 - Request to update user UserDto(id=null, firstName=rafeek, lastName=ks, emailId=null, phoneNo=8089587001, roleId=TA, categories=null, status=active, createdDate=Fri Mar 05 11:03:36 IST 2021, createdBy=rafeeq088@gmail.com, modifiedDate=null, modifiedBy=null)
2021-03-05 11:03:37 DEBUG CategoryServiceController:49 - Request to create category service CategoryServiceDto(id=null, categoryId=CS, categoryName=coreService, moduleId=NI, moduleName=Notification Service, subModuleId=TA-Add, subModuleName=Tenant Addition, status=active, createdDate=null, createdBy=null, modifiedDate=null, modifiedBy=null, userRole=TA)
2021-03-05 11:03:37 DEBUG CategoryServiceController:106 - Request to delete a category service qwerty
2021-03-05 11:03:37 DEBUG CategoryServiceController:68 - Request to update category service CategoryServiceDto(id=null, categoryId=CS, categoryName=coreService, moduleId=NI, moduleName=Notification Service, subModuleId=TA-Add, subModuleName=Tenant Addition, status=active, createdDate=null, createdBy=null, modifiedDate=null, modifiedBy=null, userRole=TA)
2021-03-05 11:03:37 DEBUG CategoryServiceController:126 - Request to get a category service sdfghjkl
2021-03-05 11:03:37 DEBUG CategoryServiceController:126 - Request to get a category service sdfghjkl
2021-03-05 11:03:37 DEBUG CategoryServiceController:68 - Request to update category service CategoryServiceDto(id=sdfghjkl, categoryId=CS, categoryName=coreServicev1, moduleId=NI, moduleName=Notification Service, subModuleId=TA-Add, subModuleName=Tenant Addition, status=active, createdDate=null, createdBy=null, modifiedDate=null, modifiedBy=null, userRole=TA)
2021-03-05 11:16:04 DEBUG CategoryServiceController:57 - Request to create user UserDto(id=null, firstName=sruthy, lastName=ks, emailId=sruthykc2@gmail.om, phoneNo=8098854473, roleId=EU, categories=[CategoryDto(categoryId=UM, modules=[ModuleDto(moduleId=CU, subModules=[TA-add, EU-Add])]), CategoryDto(categoryId=MCR, modules=[]), CategoryDto(categoryId=MPR, modules=[ModuleDto(moduleId=SUR, subModules=[])])], status=null, createdDate=null, createdBy=null, modifiedDate=null, modifiedBy=null)
2021-03-05 11:16:38 DEBUG CategoryServiceController:57 - Request to create user UserDto(id=null, firstName=sruthy, lastName=ks, emailId=sruthykc2@gmail.com, phoneNo=8098854473, roleId=EU, categories=[CategoryDto(categoryId=UM, modules=[ModuleDto(moduleId=CU, subModules=[TA-add, EU-Add])]), CategoryDto(categoryId=MCR, modules=[]), CategoryDto(categoryId=MPR, modules=[ModuleDto(moduleId=SUR, subModules=[])])], status=null, createdDate=null, createdBy=null, modifiedDate=null, modifiedBy=null)
2021-03-05 11:20:06 DEBUG CategoryServiceController:57 - Request to create user UserDto(id=null, firstName=sruthy, lastName=ks, emailId=sruthykc2@gmail.com, phoneNo=8098854473, roleId=EU, categories=[CategoryDto(categoryId=UM, modules=[ModuleDto(moduleId=CU, subModules=[TA-add, EU-Add])]), CategoryDto(categoryId=MCR, modules=[]), CategoryDto(categoryId=MPR, modules=[ModuleDto(moduleId=SUR, subModules=[])])], status=null, createdDate=null, createdBy=null, modifiedDate=null, modifiedBy=null)
