2021-03-05 09:21:14,664 - Log4JLogChute initialized using file 'velocity.log'
2021-03-05 09:21:14,664 - Initializing Velocity, Calling init()...
2021-03-05 09:21:14,664 - Starting Apache Velocity v1.7 (compiled: 2010-11-19 12:14:37)
2021-03-05 09:21:14,664 - Default Properties File: org/apache/velocity/runtime/defaults/velocity.properties
2021-03-05 09:21:14,664 - Trying to use logger class org.apache.velocity.runtime.log.AvalonLogChute
2021-03-05 09:21:14,664 - Target log system for org.apache.velocity.runtime.log.AvalonLogChute is not available (java.lang.NoClassDefFoundError: org/apache/log/Priority).  Falling back to next log system...
2021-03-05 09:21:14,664 - Trying to use logger class org.apache.velocity.runtime.log.Log4JLogChute
2021-03-05 09:21:14,664 - Using logger class org.apache.velocity.runtime.log.Log4JLogChute
2021-03-05 09:21:14,667 - ResourceLoader instantiated: org.apache.velocity.runtime.resource.loader.ClasspathResourceLoader
2021-03-05 09:21:14,695 - ResourceCache: initialized (class org.apache.velocity.runtime.resource.ResourceCacheImpl) with class java.util.Collections$SynchronizedMap cache map.
2021-03-05 09:21:14,697 - Loaded System Directive: org.apache.velocity.runtime.directive.Stop
2021-03-05 09:21:14,697 - Loaded System Directive: org.apache.velocity.runtime.directive.Define
2021-03-05 09:21:14,698 - Loaded System Directive: org.apache.velocity.runtime.directive.Break
2021-03-05 09:21:14,698 - Loaded System Directive: org.apache.velocity.runtime.directive.Evaluate
2021-03-05 09:21:14,698 - Loaded System Directive: org.apache.velocity.runtime.directive.Literal
2021-03-05 09:21:14,699 - Loaded System Directive: org.apache.velocity.runtime.directive.Macro
2021-03-05 09:21:14,700 - Loaded System Directive: org.apache.velocity.runtime.directive.Parse
2021-03-05 09:21:14,700 - Loaded System Directive: org.apache.velocity.runtime.directive.Include
2021-03-05 09:21:14,701 - Loaded System Directive: org.apache.velocity.runtime.directive.Foreach
2021-03-05 09:21:14,712 - Created '20' parsers.
2021-03-05 09:21:14,714 - Velocimacro : "velocimacro.library" is not set.  Trying default library: VM_global_library.vm
2021-03-05 09:21:14,715 - Could not load resource 'VM_global_library.vm' from ResourceLoader org.apache.velocity.runtime.resource.loader.ClasspathResourceLoader: ClasspathResourceLoader Error: cannot find resource VM_global_library.vm
2021-03-05 09:21:14,715 - Velocimacro : Default library not found.
2021-03-05 09:21:14,715 - Velocimacro : allowInline = true : VMs can be defined inline in templates
2021-03-05 09:21:14,715 - Velocimacro : allowInlineToOverride = false : VMs defined inline may NOT replace previous VM definitions
2021-03-05 09:21:14,715 - Velocimacro : allowInlineLocal = false : VMs defined inline will be global in scope if allowed.
2021-03-05 09:21:14,715 - Velocimacro : autoload off : VM system will not automatically reload global library macros
2021-03-05 09:21:14,737 - ResourceManager : found templates/welcomemail.vm with loader org.apache.velocity.runtime.resource.loader.ClasspathResourceLoader
2021-03-05 09:23:40,263 - Log4JLogChute initialized using file 'velocity.log'
2021-03-05 09:23:40,263 - Initializing Velocity, Calling init()...
2021-03-05 09:23:40,263 - Starting Apache Velocity v1.7 (compiled: 2010-11-19 12:14:37)
2021-03-05 09:23:40,263 - Default Properties File: org/apache/velocity/runtime/defaults/velocity.properties
2021-03-05 09:23:40,263 - Trying to use logger class org.apache.velocity.runtime.log.AvalonLogChute
2021-03-05 09:23:40,263 - Target log system for org.apache.velocity.runtime.log.AvalonLogChute is not available (java.lang.NoClassDefFoundError: Could not initialize class org.apache.velocity.runtime.log.AvalonLogChute).  Falling back to next log system...
2021-03-05 09:23:40,263 - Trying to use logger class org.apache.velocity.runtime.log.Log4JLogChute
2021-03-05 09:23:40,263 - Using logger class org.apache.velocity.runtime.log.Log4JLogChute
2021-03-05 09:23:40,264 - ResourceLoader instantiated: org.apache.velocity.runtime.resource.loader.ClasspathResourceLoader
2021-03-05 09:23:40,264 - ResourceCache: initialized (class org.apache.velocity.runtime.resource.ResourceCacheImpl) with class java.util.Collections$SynchronizedMap cache map.
2021-03-05 09:23:40,265 - Loaded System Directive: org.apache.velocity.runtime.directive.Stop
2021-03-05 09:23:40,265 - Loaded System Directive: org.apache.velocity.runtime.directive.Define
2021-03-05 09:23:40,265 - Loaded System Directive: org.apache.velocity.runtime.directive.Break
2021-03-05 09:23:40,265 - Loaded System Directive: org.apache.velocity.runtime.directive.Evaluate
2021-03-05 09:23:40,265 - Loaded System Directive: org.apache.velocity.runtime.directive.Literal
2021-03-05 09:23:40,265 - Loaded System Directive: org.apache.velocity.runtime.directive.Macro
2021-03-05 09:23:40,266 - Loaded System Directive: org.apache.velocity.runtime.directive.Parse
2021-03-05 09:23:40,266 - Loaded System Directive: org.apache.velocity.runtime.directive.Include
2021-03-05 09:23:40,266 - Loaded System Directive: org.apache.velocity.runtime.directive.Foreach
2021-03-05 09:23:40,267 - Created '20' parsers.
2021-03-05 09:23:40,267 - Velocimacro : "velocimacro.library" is not set.  Trying default library: VM_global_library.vm
2021-03-05 09:23:40,268 - Could not load resource 'VM_global_library.vm' from ResourceLoader org.apache.velocity.runtime.resource.loader.ClasspathResourceLoader: ClasspathResourceLoader Error: cannot find resource VM_global_library.vm
2021-03-05 09:23:40,268 - Velocimacro : Default library not found.
2021-03-05 09:23:40,268 - Velocimacro : allowInline = true : VMs can be defined inline in templates
2021-03-05 09:23:40,268 - Velocimacro : allowInlineToOverride = false : VMs defined inline may NOT replace previous VM definitions
2021-03-05 09:23:40,268 - Velocimacro : allowInlineLocal = false : VMs defined inline will be global in scope if allowed.
2021-03-05 09:23:40,268 - Velocimacro : autoload off : VM system will not automatically reload global library macros
2021-03-05 09:23:40,275 - ResourceManager : found templates/welcomemail.vm with loader org.apache.velocity.runtime.resource.loader.ClasspathResourceLoader
2021-03-05 09:27:42,246 - Log4JLogChute initialized using file 'velocity.log'
2021-03-05 09:27:42,246 - Initializing Velocity, Calling init()...
2021-03-05 09:27:42,246 - Starting Apache Velocity v1.7 (compiled: 2010-11-19 12:14:37)
2021-03-05 09:27:42,246 - Default Properties File: org/apache/velocity/runtime/defaults/velocity.properties
2021-03-05 09:27:42,246 - Trying to use logger class org.apache.velocity.runtime.log.AvalonLogChute
2021-03-05 09:27:42,246 - Target log system for org.apache.velocity.runtime.log.AvalonLogChute is not available (java.lang.NoClassDefFoundError: Could not initialize class org.apache.velocity.runtime.log.AvalonLogChute).  Falling back to next log system...
2021-03-05 09:27:42,246 - Trying to use logger class org.apache.velocity.runtime.log.Log4JLogChute
2021-03-05 09:27:42,246 - Using logger class org.apache.velocity.runtime.log.Log4JLogChute
2021-03-05 09:27:42,246 - ResourceLoader instantiated: org.apache.velocity.runtime.resource.loader.ClasspathResourceLoader
2021-03-05 09:27:42,246 - ResourceCache: initialized (class org.apache.velocity.runtime.resource.ResourceCacheImpl) with class java.util.Collections$SynchronizedMap cache map.
2021-03-05 09:27:42,247 - Loaded System Directive: org.apache.velocity.runtime.directive.Stop
2021-03-05 09:27:42,247 - Loaded System Directive: org.apache.velocity.runtime.directive.Define
2021-03-05 09:27:42,247 - Loaded System Directive: org.apache.velocity.runtime.directive.Break
2021-03-05 09:27:42,247 - Loaded System Directive: org.apache.velocity.runtime.directive.Evaluate
2021-03-05 09:27:42,247 - Loaded System Directive: org.apache.velocity.runtime.directive.Literal
2021-03-05 09:27:42,247 - Loaded System Directive: org.apache.velocity.runtime.directive.Macro
2021-03-05 09:27:42,247 - Loaded System Directive: org.apache.velocity.runtime.directive.Parse
2021-03-05 09:27:42,247 - Loaded System Directive: org.apache.velocity.runtime.directive.Include
2021-03-05 09:27:42,247 - Loaded System Directive: org.apache.velocity.runtime.directive.Foreach
2021-03-05 09:27:42,257 - Created '20' parsers.
2021-03-05 09:27:42,257 - Velocimacro : "velocimacro.library" is not set.  Trying default library: VM_global_library.vm
2021-03-05 09:27:42,295 - Could not load resource 'VM_global_library.vm' from ResourceLoader org.apache.velocity.runtime.resource.loader.ClasspathResourceLoader: ClasspathResourceLoader Error: cannot find resource VM_global_library.vm
2021-03-05 09:27:42,295 - Velocimacro : Default library not found.
2021-03-05 09:27:42,295 - Velocimacro : allowInline = true : VMs can be defined inline in templates
2021-03-05 09:27:42,295 - Velocimacro : allowInlineToOverride = false : VMs defined inline may NOT replace previous VM definitions
2021-03-05 09:27:42,295 - Velocimacro : allowInlineLocal = false : VMs defined inline will be global in scope if allowed.
2021-03-05 09:27:42,296 - Velocimacro : autoload off : VM system will not automatically reload global library macros
2021-03-05 09:27:42,303 - ResourceManager : found templates/welcomemail.vm with loader org.apache.velocity.runtime.resource.loader.ClasspathResourceLoader
2021-03-05 11:16:04,306 - Log4JLogChute initialized using file 'velocity.log'
2021-03-05 11:16:04,307 - Initializing Velocity, Calling init()...
2021-03-05 11:16:04,307 - Starting Apache Velocity v1.7 (compiled: 2010-11-19 12:14:37)
2021-03-05 11:16:04,307 - Default Properties File: org/apache/velocity/runtime/defaults/velocity.properties
2021-03-05 11:16:04,307 - Trying to use logger class org.apache.velocity.runtime.log.AvalonLogChute
2021-03-05 11:16:04,307 - Target log system for org.apache.velocity.runtime.log.AvalonLogChute is not available (java.lang.NoClassDefFoundError: org/apache/log/Priority).  Falling back to next log system...
2021-03-05 11:16:04,307 - Trying to use logger class org.apache.velocity.runtime.log.Log4JLogChute
2021-03-05 11:16:04,307 - Using logger class org.apache.velocity.runtime.log.Log4JLogChute
2021-03-05 11:16:04,311 - ResourceLoader instantiated: org.apache.velocity.runtime.resource.loader.ClasspathResourceLoader
2021-03-05 11:16:04,318 - ResourceCache: initialized (class org.apache.velocity.runtime.resource.ResourceCacheImpl) with class java.util.Collections$SynchronizedMap cache map.
2021-03-05 11:16:04,320 - Loaded System Directive: org.apache.velocity.runtime.directive.Stop
2021-03-05 11:16:04,321 - Loaded System Directive: org.apache.velocity.runtime.directive.Define
2021-03-05 11:16:04,322 - Loaded System Directive: org.apache.velocity.runtime.directive.Break
2021-03-05 11:16:04,323 - Loaded System Directive: org.apache.velocity.runtime.directive.Evaluate
2021-03-05 11:16:04,323 - Loaded System Directive: org.apache.velocity.runtime.directive.Literal
2021-03-05 11:16:04,324 - Loaded System Directive: org.apache.velocity.runtime.directive.Macro
2021-03-05 11:16:04,325 - Loaded System Directive: org.apache.velocity.runtime.directive.Parse
2021-03-05 11:16:04,325 - Loaded System Directive: org.apache.velocity.runtime.directive.Include
2021-03-05 11:16:04,326 - Loaded System Directive: org.apache.velocity.runtime.directive.Foreach
2021-03-05 11:16:04,337 - Created '20' parsers.
2021-03-05 11:16:04,339 - Velocimacro : "velocimacro.library" is not set.  Trying default library: VM_global_library.vm
2021-03-05 11:16:04,340 - Could not load resource 'VM_global_library.vm' from ResourceLoader org.apache.velocity.runtime.resource.loader.ClasspathResourceLoader: ClasspathResourceLoader Error: cannot find resource VM_global_library.vm
2021-03-05 11:16:04,341 - Velocimacro : Default library not found.
2021-03-05 11:16:04,341 - Velocimacro : allowInline = true : VMs can be defined inline in templates
2021-03-05 11:16:04,341 - Velocimacro : allowInlineToOverride = false : VMs defined inline may NOT replace previous VM definitions
2021-03-05 11:16:04,341 - Velocimacro : allowInlineLocal = false : VMs defined inline will be global in scope if allowed.
2021-03-05 11:16:04,341 - Velocimacro : autoload off : VM system will not automatically reload global library macros
2021-03-05 11:16:04,367 - ResourceManager : found templates/welcomemail.vm with loader org.apache.velocity.runtime.resource.loader.ClasspathResourceLoader
2021-03-05 11:16:38,612 - Log4JLogChute initialized using file 'velocity.log'
2021-03-05 11:16:38,612 - Log4JLogChute initialized using file 'velocity.log'
2021-03-05 11:16:38,613 - Initializing Velocity, Calling init()...
2021-03-05 11:16:38,613 - Initializing Velocity, Calling init()...
2021-03-05 11:16:38,613 - Starting Apache Velocity v1.7 (compiled: 2010-11-19 12:14:37)
2021-03-05 11:16:38,613 - Starting Apache Velocity v1.7 (compiled: 2010-11-19 12:14:37)
2021-03-05 11:16:38,613 - Default Properties File: org/apache/velocity/runtime/defaults/velocity.properties
2021-03-05 11:16:38,613 - Default Properties File: org/apache/velocity/runtime/defaults/velocity.properties
2021-03-05 11:16:38,613 - Trying to use logger class org.apache.velocity.runtime.log.AvalonLogChute
2021-03-05 11:16:38,613 - Trying to use logger class org.apache.velocity.runtime.log.AvalonLogChute
2021-03-05 11:16:38,613 - Target log system for org.apache.velocity.runtime.log.AvalonLogChute is not available (java.lang.NoClassDefFoundError: Could not initialize class org.apache.velocity.runtime.log.AvalonLogChute).  Falling back to next log system...
2021-03-05 11:16:38,613 - Target log system for org.apache.velocity.runtime.log.AvalonLogChute is not available (java.lang.NoClassDefFoundError: Could not initialize class org.apache.velocity.runtime.log.AvalonLogChute).  Falling back to next log system...
2021-03-05 11:16:38,613 - Trying to use logger class org.apache.velocity.runtime.log.Log4JLogChute
2021-03-05 11:16:38,613 - Trying to use logger class org.apache.velocity.runtime.log.Log4JLogChute
2021-03-05 11:16:38,613 - Using logger class org.apache.velocity.runtime.log.Log4JLogChute
2021-03-05 11:16:38,613 - Using logger class org.apache.velocity.runtime.log.Log4JLogChute
2021-03-05 11:16:38,613 - ResourceLoader instantiated: org.apache.velocity.runtime.resource.loader.ClasspathResourceLoader
2021-03-05 11:16:38,613 - ResourceLoader instantiated: org.apache.velocity.runtime.resource.loader.ClasspathResourceLoader
2021-03-05 11:16:38,613 - ResourceCache: initialized (class org.apache.velocity.runtime.resource.ResourceCacheImpl) with class java.util.Collections$SynchronizedMap cache map.
2021-03-05 11:16:38,613 - ResourceCache: initialized (class org.apache.velocity.runtime.resource.ResourceCacheImpl) with class java.util.Collections$SynchronizedMap cache map.
2021-03-05 11:16:38,613 - Loaded System Directive: org.apache.velocity.runtime.directive.Stop
2021-03-05 11:16:38,613 - Loaded System Directive: org.apache.velocity.runtime.directive.Stop
2021-03-05 11:16:38,613 - Loaded System Directive: org.apache.velocity.runtime.directive.Define
2021-03-05 11:16:38,613 - Loaded System Directive: org.apache.velocity.runtime.directive.Define
2021-03-05 11:16:38,614 - Loaded System Directive: org.apache.velocity.runtime.directive.Break
2021-03-05 11:16:38,614 - Loaded System Directive: org.apache.velocity.runtime.directive.Break
2021-03-05 11:16:38,614 - Loaded System Directive: org.apache.velocity.runtime.directive.Evaluate
2021-03-05 11:16:38,614 - Loaded System Directive: org.apache.velocity.runtime.directive.Evaluate
2021-03-05 11:16:38,614 - Loaded System Directive: org.apache.velocity.runtime.directive.Literal
2021-03-05 11:16:38,614 - Loaded System Directive: org.apache.velocity.runtime.directive.Literal
2021-03-05 11:16:38,614 - Loaded System Directive: org.apache.velocity.runtime.directive.Macro
2021-03-05 11:16:38,614 - Loaded System Directive: org.apache.velocity.runtime.directive.Macro
2021-03-05 11:16:38,614 - Loaded System Directive: org.apache.velocity.runtime.directive.Parse
2021-03-05 11:16:38,614 - Loaded System Directive: org.apache.velocity.runtime.directive.Parse
2021-03-05 11:16:38,614 - Loaded System Directive: org.apache.velocity.runtime.directive.Include
2021-03-05 11:16:38,614 - Loaded System Directive: org.apache.velocity.runtime.directive.Include
2021-03-05 11:16:38,614 - Loaded System Directive: org.apache.velocity.runtime.directive.Foreach
2021-03-05 11:16:38,614 - Loaded System Directive: org.apache.velocity.runtime.directive.Foreach
2021-03-05 11:16:38,616 - Created '20' parsers.
2021-03-05 11:16:38,616 - Created '20' parsers.
2021-03-05 11:16:38,616 - Velocimacro : "velocimacro.library" is not set.  Trying default library: VM_global_library.vm
2021-03-05 11:16:38,616 - Velocimacro : "velocimacro.library" is not set.  Trying default library: VM_global_library.vm
2021-03-05 11:16:38,617 - Could not load resource 'VM_global_library.vm' from ResourceLoader org.apache.velocity.runtime.resource.loader.ClasspathResourceLoader: ClasspathResourceLoader Error: cannot find resource VM_global_library.vm
2021-03-05 11:16:38,617 - Could not load resource 'VM_global_library.vm' from ResourceLoader org.apache.velocity.runtime.resource.loader.ClasspathResourceLoader: ClasspathResourceLoader Error: cannot find resource VM_global_library.vm
2021-03-05 11:16:38,617 - Velocimacro : Default library not found.
2021-03-05 11:16:38,617 - Velocimacro : Default library not found.
2021-03-05 11:16:38,617 - Velocimacro : allowInline = true : VMs can be defined inline in templates
2021-03-05 11:16:38,617 - Velocimacro : allowInline = true : VMs can be defined inline in templates
2021-03-05 11:16:38,617 - Velocimacro : allowInlineToOverride = false : VMs defined inline may NOT replace previous VM definitions
2021-03-05 11:16:38,617 - Velocimacro : allowInlineToOverride = false : VMs defined inline may NOT replace previous VM definitions
2021-03-05 11:16:38,617 - Velocimacro : allowInlineLocal = false : VMs defined inline will be global in scope if allowed.
2021-03-05 11:16:38,617 - Velocimacro : allowInlineLocal = false : VMs defined inline will be global in scope if allowed.
2021-03-05 11:16:38,617 - Velocimacro : autoload off : VM system will not automatically reload global library macros
2021-03-05 11:16:38,617 - Velocimacro : autoload off : VM system will not automatically reload global library macros
2021-03-05 11:16:38,624 - ResourceManager : found templates/welcomemail.vm with loader org.apache.velocity.runtime.resource.loader.ClasspathResourceLoader
2021-03-05 11:16:38,624 - ResourceManager : found templates/welcomemail.vm with loader org.apache.velocity.runtime.resource.loader.ClasspathResourceLoader
2021-03-05 11:20:06,668 - Log4JLogChute initialized using file 'velocity.log'
2021-03-05 11:20:06,668 - Initializing Velocity, Calling init()...
2021-03-05 11:20:06,668 - Starting Apache Velocity v1.7 (compiled: 2010-11-19 12:14:37)
2021-03-05 11:20:06,668 - Default Properties File: org/apache/velocity/runtime/defaults/velocity.properties
2021-03-05 11:20:06,668 - Trying to use logger class org.apache.velocity.runtime.log.AvalonLogChute
2021-03-05 11:20:06,669 - Target log system for org.apache.velocity.runtime.log.AvalonLogChute is not available (java.lang.NoClassDefFoundError: Could not initialize class org.apache.velocity.runtime.log.AvalonLogChute).  Falling back to next log system...
2021-03-05 11:20:06,669 - Trying to use logger class org.apache.velocity.runtime.log.Log4JLogChute
2021-03-05 11:20:06,669 - Using logger class org.apache.velocity.runtime.log.Log4JLogChute
2021-03-05 11:20:06,669 - ResourceLoader instantiated: org.apache.velocity.runtime.resource.loader.ClasspathResourceLoader
2021-03-05 11:20:06,670 - ResourceCache: initialized (class org.apache.velocity.runtime.resource.ResourceCacheImpl) with class java.util.Collections$SynchronizedMap cache map.
2021-03-05 11:20:06,670 - Loaded System Directive: org.apache.velocity.runtime.directive.Stop
2021-03-05 11:20:06,671 - Loaded System Directive: org.apache.velocity.runtime.directive.Define
2021-03-05 11:20:06,671 - Loaded System Directive: org.apache.velocity.runtime.directive.Break
2021-03-05 11:20:06,671 - Loaded System Directive: org.apache.velocity.runtime.directive.Evaluate
2021-03-05 11:20:06,671 - Loaded System Directive: org.apache.velocity.runtime.directive.Literal
2021-03-05 11:20:06,672 - Loaded System Directive: org.apache.velocity.runtime.directive.Macro
2021-03-05 11:20:06,672 - Loaded System Directive: org.apache.velocity.runtime.directive.Parse
2021-03-05 11:20:06,672 - Loaded System Directive: org.apache.velocity.runtime.directive.Include
2021-03-05 11:20:06,672 - Loaded System Directive: org.apache.velocity.runtime.directive.Foreach
2021-03-05 11:20:06,674 - Created '20' parsers.
2021-03-05 11:20:06,675 - Velocimacro : "velocimacro.library" is not set.  Trying default library: VM_global_library.vm
2021-03-05 11:20:06,675 - Could not load resource 'VM_global_library.vm' from ResourceLoader org.apache.velocity.runtime.resource.loader.ClasspathResourceLoader: ClasspathResourceLoader Error: cannot find resource VM_global_library.vm
2021-03-05 11:20:06,675 - Velocimacro : Default library not found.
2021-03-05 11:20:06,675 - Velocimacro : allowInline = true : VMs can be defined inline in templates
2021-03-05 11:20:06,675 - Velocimacro : allowInlineToOverride = false : VMs defined inline may NOT replace previous VM definitions
2021-03-05 11:20:06,675 - Velocimacro : allowInlineLocal = false : VMs defined inline will be global in scope if allowed.
2021-03-05 11:20:06,675 - Velocimacro : autoload off : VM system will not automatically reload global library macros
2021-03-05 11:20:06,681 - ResourceManager : found templates/welcomemail.vm with loader org.apache.velocity.runtime.resource.loader.ClasspathResourceLoader
